<?xml version="1.0" encoding="UTF-8"?>
<coverage generated="1552079286381" clover="3.2.0">
  <project timestamp="1552079286381" name="All files">
    <metrics statements="592" coveredstatements="550" conditionals="110" coveredconditionals="95" methods="117" coveredmethods="106" elements="819" coveredelements="751" complexity="0" loc="592" ncloc="592" packages="7" files="24" classes="24"/>
    <package name="analysis">
      <metrics statements="43" coveredstatements="43" conditionals="22" coveredconditionals="20" methods="8" coveredmethods="8"/>
      <file name="fastAnalysis.ts" path="/Users/nc/work/fuse-box/fuse-box/src/analysis/fastAnalysis.ts">
        <metrics statements="12" coveredstatements="12" conditionals="4" coveredconditionals="4" methods="2" coveredmethods="2"/>
        <line num="1" count="2" type="stmt"/>
        <line num="37" count="2" type="stmt"/>
        <line num="45" count="70" type="stmt"/>
        <line num="46" count="70" type="stmt"/>
        <line num="48" count="15" type="stmt"/>
        <line num="51" count="23" type="stmt"/>
        <line num="52" count="23" type="stmt"/>
        <line num="55" count="11" type="stmt"/>
        <line num="58" count="6" type="stmt"/>
        <line num="61" count="19" type="stmt"/>
        <line num="64" count="11" type="stmt"/>
        <line num="69" count="70" type="stmt"/>
      </file>
      <file name="tokenizer.ts" path="/Users/nc/work/fuse-box/fuse-box/src/analysis/tokenizer.ts">
        <metrics statements="5" coveredstatements="5" conditionals="4" coveredconditionals="4" methods="1" coveredmethods="1"/>
        <line num="26" count="2" type="stmt"/>
        <line num="28" count="12" type="stmt"/>
        <line num="31" count="2" type="stmt"/>
        <line num="33" count="2" type="stmt"/>
        <line num="36" count="85" type="stmt"/>
      </file>
      <file name="tsParser.ts" path="/Users/nc/work/fuse-box/fuse-box/src/analysis/tsParser.ts">
        <metrics statements="26" coveredstatements="26" conditionals="14" coveredconditionals="12" methods="5" coveredmethods="5"/>
        <line num="1" count="1" type="stmt"/>
        <line num="12" count="1" type="stmt"/>
        <line num="13" count="36" type="stmt"/>
        <line num="16" count="1" type="stmt"/>
        <line num="17" count="36" type="stmt"/>
        <line num="18" count="36" type="stmt"/>
        <line num="19" count="36" type="stmt"/>
        <line num="21" count="36" type="stmt"/>
        <line num="23" count="1" type="stmt"/>
        <line num="25" count="11" type="stmt"/>
        <line num="27" count="2" type="stmt"/>
        <line num="29" count="11" type="stmt"/>
        <line num="32" count="207" type="stmt"/>
        <line num="34" count="36" type="stmt"/>
        <line num="36" count="36" type="stmt"/>
        <line num="43" count="1" type="stmt"/>
        <line num="44" count="206" type="cond" truecount="2" falsecount="0"/>
        <line num="46" count="26" type="stmt"/>
        <line num="49" count="15" type="stmt"/>
        <line num="51" count="11" type="cond" truecount="1" falsecount="1"/>
        <line num="53" count="11" type="stmt"/>
        <line num="56" count="1" type="stmt"/>
        <line num="61" count="11" type="stmt"/>
        <line num="62" count="11" type="cond" truecount="1" falsecount="1"/>
        <line num="63" count="11" type="stmt"/>
        <line num="65" count="182" type="stmt"/>
      </file>
    </package>
    <package name="cache">
      <metrics statements="44" coveredstatements="42" conditionals="8" coveredconditionals="7" methods="14" coveredmethods="13"/>
      <file name="adapters.ts" path="/Users/nc/work/fuse-box/fuse-box/src/cache/adapters.ts">
        <metrics statements="9" coveredstatements="9" conditionals="2" coveredconditionals="2" methods="6" coveredmethods="5"/>
        <line num="3" count="2" type="stmt"/>
        <line num="5" count="4" type="stmt"/>
        <line num="17" count="8" type="stmt"/>
        <line num="28" count="9" type="stmt"/>
        <line num="32" count="4" type="cond" truecount="2" falsecount="0"/>
        <line num="33" count="4" type="stmt"/>
        <line num="34" count="4" type="stmt"/>
        <line num="39" count="2" type="stmt"/>
        <line num="40" count="4" type="stmt"/>
      </file>
      <file name="cache.ts" path="/Users/nc/work/fuse-box/fuse-box/src/cache/cache.ts">
        <metrics statements="35" coveredstatements="33" conditionals="6" coveredconditionals="5" methods="8" coveredmethods="8"/>
        <line num="10" count="1" type="stmt"/>
        <line num="11" count="9" type="stmt"/>
        <line num="13" count="1" type="stmt"/>
        <line num="15" count="1" type="stmt"/>
        <line num="16" count="1" type="stmt"/>
        <line num="20" count="6" type="stmt"/>
        <line num="21" count="6" type="cond" truecount="2" falsecount="0"/>
        <line num="25" count="3" type="cond" truecount="2" falsecount="0"/>
        <line num="26" count="3" type="stmt"/>
        <line num="27" count="3" type="stmt"/>
        <line num="28" count="3" type="stmt"/>
        <line num="29" count="3" type="stmt"/>
        <line num="33" count="4" type="stmt"/>
        <line num="35" count="4" type="stmt"/>
        <line num="38" count="0" type="stmt"/>
        <line num="40" count="4" type="stmt"/>
        <line num="43" count="4" type="cond" truecount="1" falsecount="1"/>
        <line num="45" count="1" type="stmt"/>
        <line num="49" count="3" type="stmt"/>
        <line num="52" count="1" type="stmt"/>
        <line num="56" count="2" type="stmt"/>
        <line num="59" count="1" type="stmt"/>
        <line num="60" count="1" type="stmt"/>
        <line num="63" count="0" type="stmt"/>
        <line num="66" count="1" type="stmt"/>
        <line num="69" count="2" type="stmt"/>
        <line num="74" count="2" type="stmt"/>
        <line num="75" count="1" type="stmt"/>
        <line num="81" count="2" type="stmt"/>
        <line num="85" count="1" type="stmt"/>
        <line num="86" count="4" type="stmt"/>
        <line num="88" count="2" type="stmt"/>
        <line num="90" count="4" type="stmt"/>
        <line num="93" count="1" type="stmt"/>
        <line num="94" count="1" type="stmt"/>
      </file>
    </package>
    <package name="core">
      <metrics statements="112" coveredstatements="107" conditionals="15" coveredconditionals="15" methods="26" coveredmethods="24"/>
      <file name="Module.ts" path="/Users/nc/work/fuse-box/fuse-box/src/core/Module.ts">
        <metrics statements="14" coveredstatements="13" conditionals="0" coveredconditionals="0" methods="5" coveredmethods="4"/>
        <line num="3" count="1" type="stmt"/>
        <line num="6" count="1" type="stmt"/>
        <line num="14" count="1" type="stmt"/>
        <line num="23" count="36" type="stmt"/>
        <line num="24" count="36" type="stmt"/>
        <line num="25" count="36" type="stmt"/>
        <line num="26" count="36" type="stmt"/>
        <line num="27" count="36" type="stmt"/>
        <line num="31" count="0" type="stmt"/>
        <line num="35" count="34" type="stmt"/>
        <line num="36" count="34" type="stmt"/>
        <line num="40" count="36" type="stmt"/>
        <line num="44" count="1" type="stmt"/>
        <line num="45" count="21" type="stmt"/>
      </file>
      <file name="Package.ts" path="/Users/nc/work/fuse-box/fuse-box/src/core/Package.ts">
        <metrics statements="8" coveredstatements="8" conditionals="0" coveredconditionals="0" methods="3" coveredmethods="3"/>
        <line num="9" count="1" type="stmt"/>
        <line num="18" count="27" type="stmt"/>
        <line num="19" count="27" type="stmt"/>
        <line num="20" count="27" type="stmt"/>
        <line num="21" count="27" type="stmt"/>
        <line num="25" count="15" type="stmt"/>
        <line num="29" count="1" type="stmt"/>
        <line num="30" count="12" type="stmt"/>
      </file>
      <file name="application.ts" path="/Users/nc/work/fuse-box/fuse-box/src/core/application.ts">
        <metrics statements="15" coveredstatements="15" conditionals="0" coveredconditionals="0" methods="2" coveredmethods="2"/>
        <line num="1" count="1" type="stmt"/>
        <line num="3" count="1" type="stmt"/>
        <line num="4" count="1" type="stmt"/>
        <line num="6" count="1" type="stmt"/>
        <line num="7" count="15" type="stmt"/>
        <line num="8" count="15" type="stmt"/>
        <line num="9" count="15" type="stmt"/>
        <line num="10" count="15" type="stmt"/>
        <line num="11" count="15" type="stmt"/>
        <line num="20" count="15" type="stmt"/>
        <line num="21" count="15" type="stmt"/>
        <line num="24" count="1" type="stmt"/>
        <line num="31" count="15" type="stmt"/>
        <line num="32" count="15" type="stmt"/>
        <line num="33" count="15" type="stmt"/>
      </file>
      <file name="assemble.ts" path="/Users/nc/work/fuse-box/fuse-box/src/core/assemble.ts">
        <metrics statements="55" coveredstatements="53" conditionals="13" coveredconditionals="13" methods="12" coveredmethods="11"/>
        <line num="1" count="1" type="stmt"/>
        <line num="2" count="1" type="stmt"/>
        <line num="3" count="1" type="stmt"/>
        <line num="5" count="1" type="stmt"/>
        <line num="6" count="1" type="stmt"/>
        <line num="16" count="12" type="stmt"/>
        <line num="17" count="12" type="stmt"/>
        <line num="18" count="12" type="stmt"/>
        <line num="19" count="12" type="stmt"/>
        <line num="21" count="12" type="stmt"/>
        <line num="22" count="12" type="stmt"/>
        <line num="25" count="12" type="stmt"/>
        <line num="29" count="7" type="stmt"/>
        <line num="38" count="7" type="stmt"/>
        <line num="40" count="5" type="stmt"/>
        <line num="42" count="5" type="stmt"/>
        <line num="51" count="5" type="stmt"/>
        <line num="53" count="5" type="stmt"/>
        <line num="56" count="5" type="stmt"/>
        <line num="58" count="12" type="stmt"/>
        <line num="69" count="22" type="stmt"/>
        <line num="71" count="22" type="stmt"/>
        <line num="81" count="0" type="stmt"/>
        <line num="84" count="12" type="stmt"/>
        <line num="89" count="1" type="stmt"/>
        <line num="91" count="9" type="stmt"/>
        <line num="101" count="9" type="stmt"/>
        <line num="102" count="9" type="stmt"/>
        <line num="106" count="36" type="stmt"/>
        <line num="107" count="36" type="stmt"/>
        <line num="109" count="34" type="stmt"/>
        <line num="110" count="34" type="stmt"/>
        <line num="111" count="34" type="stmt"/>
        <line num="112" count="34" type="stmt"/>
        <line num="118" count="34" type="stmt"/>
        <line num="120" count="34" type="stmt"/>
        <line num="122" count="0" type="stmt"/>
        <line num="125" count="10" type="stmt"/>
        <line num="128" count="12" type="stmt"/>
        <line num="131" count="9" type="stmt"/>
        <line num="138" count="15" type="stmt"/>
        <line num="139" count="15" type="stmt"/>
        <line num="147" count="15" type="stmt"/>
        <line num="148" count="7" type="stmt"/>
        <line num="150" count="2" type="stmt"/>
        <line num="152" count="7" type="stmt"/>
        <line num="153" count="7" type="stmt"/>
        <line num="162" count="1" type="stmt"/>
        <line num="164" count="15" type="stmt"/>
        <line num="165" count="15" type="stmt"/>
        <line num="166" count="15" type="stmt"/>
        <line num="167" count="15" type="stmt"/>
        <line num="168" count="15" type="stmt"/>
        <line num="169" count="12" type="stmt"/>
        <line num="171" count="15" type="stmt"/>
      </file>
      <file name="assemble_context.ts" path="/Users/nc/work/fuse-box/fuse-box/src/core/assemble_context.ts">
        <metrics statements="2" coveredstatements="2" conditionals="0" coveredconditionals="0" methods="1" coveredmethods="1"/>
        <line num="11" count="1" type="stmt"/>
        <line num="12" count="24" type="stmt"/>
      </file>
      <file name="config.ts" path="/Users/nc/work/fuse-box/fuse-box/src/core/config.ts">
        <metrics statements="10" coveredstatements="8" conditionals="2" coveredconditionals="2" methods="1" coveredmethods="1"/>
        <line num="1" count="1" type="stmt"/>
        <line num="2" count="1" type="stmt"/>
        <line num="5" count="1" type="stmt"/>
        <line num="10" count="24" type="stmt"/>
        <line num="13" count="24" type="stmt"/>
        <line num="17" count="24" type="stmt"/>
        <line num="21" count="0" type="stmt"/>
        <line num="25" count="3" type="stmt"/>
        <line num="29" count="0" type="stmt"/>
        <line num="31" count="24" type="stmt"/>
      </file>
      <file name="context.ts" path="/Users/nc/work/fuse-box/fuse-box/src/core/context.ts">
        <metrics statements="8" coveredstatements="8" conditionals="0" coveredconditionals="0" methods="2" coveredmethods="2"/>
        <line num="2" count="1" type="stmt"/>
        <line num="3" count="1" type="stmt"/>
        <line num="4" count="1" type="stmt"/>
        <line num="7" count="24" type="stmt"/>
        <line num="8" count="24" type="stmt"/>
        <line num="11" count="1" type="stmt"/>
        <line num="13" count="24" type="stmt"/>
        <line num="15" count="1" type="stmt"/>
      </file>
    </package>
    <package name="logging">
      <metrics statements="3" coveredstatements="1" conditionals="0" coveredconditionals="0" methods="1" coveredmethods="0"/>
      <file name="DocumentedError.ts" path="/Users/nc/work/fuse-box/fuse-box/src/logging/DocumentedError.ts">
        <metrics statements="3" coveredstatements="1" conditionals="0" coveredconditionals="0" methods="1" coveredmethods="0"/>
        <line num="1" count="3" type="stmt"/>
        <line num="2" count="0" type="stmt"/>
        <line num="3" count="0" type="stmt"/>
      </file>
    </package>
    <package name="resolver">
      <metrics statements="202" coveredstatements="187" conditionals="32" coveredconditionals="30" methods="20" coveredmethods="20"/>
      <file name="fileLookup.ts" path="/Users/nc/work/fuse-box/fuse-box/src/resolver/fileLookup.ts">
        <metrics statements="41" coveredstatements="36" conditionals="4" coveredconditionals="4" methods="3" coveredmethods="3"/>
        <line num="1" count="5" type="stmt"/>
        <line num="2" count="5" type="stmt"/>
        <line num="3" count="5" type="stmt"/>
        <line num="22" count="5" type="stmt"/>
        <line num="23" count="5" type="stmt"/>
        <line num="24" count="5" type="stmt"/>
        <line num="25" count="5" type="stmt"/>
        <line num="27" count="5" type="stmt"/>
        <line num="28" count="5" type="stmt"/>
        <line num="30" count="5" type="stmt"/>
        <line num="31" count="5" type="stmt"/>
        <line num="35" count="59" type="stmt"/>
        <line num="36" count="59" type="stmt"/>
        <line num="38" count="15" type="stmt"/>
        <line num="45" count="200" type="stmt"/>
        <line num="47" count="37" type="stmt"/>
        <line num="52" count="5" type="stmt"/>
        <line num="54" count="0" type="stmt"/>
        <line num="56" count="82" type="cond" truecount="2" falsecount="0"/>
        <line num="57" count="82" type="stmt"/>
        <line num="60" count="20" type="stmt"/>
        <line num="68" count="62" type="stmt"/>
        <line num="70" count="0" type="stmt"/>
        <line num="73" count="0" type="stmt"/>
        <line num="75" count="62" type="stmt"/>
        <line num="77" count="36" type="stmt"/>
        <line num="86" count="26" type="stmt"/>
        <line num="88" count="22" type="stmt"/>
        <line num="90" count="22" type="stmt"/>
        <line num="91" count="22" type="stmt"/>
        <line num="93" count="0" type="stmt"/>
        <line num="96" count="0" type="stmt"/>
        <line num="98" count="22" type="stmt"/>
        <line num="100" count="15" type="stmt"/>
        <line num="108" count="7" type="stmt"/>
        <line num="110" count="7" type="stmt"/>
        <line num="111" count="7" type="stmt"/>
        <line num="112" count="7" type="stmt"/>
        <line num="126" count="4" type="stmt"/>
        <line num="128" count="1" type="stmt"/>
        <line num="136" count="3" type="stmt"/>
      </file>
      <file name="nodeModuleLookup.ts" path="/Users/nc/work/fuse-box/fuse-box/src/resolver/nodeModuleLookup.ts">
        <metrics statements="67" coveredstatements="63" conditionals="6" coveredconditionals="5" methods="4" coveredmethods="4"/>
        <line num="1" count="3" type="stmt"/>
        <line num="2" count="3" type="stmt"/>
        <line num="3" count="3" type="stmt"/>
        <line num="4" count="3" type="stmt"/>
        <line num="5" count="3" type="stmt"/>
        <line num="6" count="3" type="stmt"/>
        <line num="8" count="3" type="stmt"/>
        <line num="10" count="3" type="stmt"/>
        <line num="12" count="3" type="stmt"/>
        <line num="19" count="3" type="stmt"/>
        <line num="20" count="56" type="stmt"/>
        <line num="22" count="22" type="stmt"/>
        <line num="24" count="34" type="stmt"/>
        <line num="25" count="34" type="stmt"/>
        <line num="27" count="3" type="stmt"/>
        <line num="29" count="1" type="stmt"/>
        <line num="33" count="11" type="cond" truecount="1" falsecount="1"/>
        <line num="36" count="34" type="stmt"/>
        <line num="39" count="3" type="stmt"/>
        <line num="40" count="16" type="stmt"/>
        <line num="41" count="16" type="stmt"/>
        <line num="42" count="16" type="stmt"/>
        <line num="43" count="16" type="stmt"/>
        <line num="45" count="5" type="stmt"/>
        <line num="46" count="5" type="stmt"/>
        <line num="47" count="13" type="stmt"/>
        <line num="48" count="13" type="stmt"/>
        <line num="50" count="5" type="stmt"/>
        <line num="51" count="5" type="stmt"/>
        <line num="53" count="4" type="stmt"/>
        <line num="55" count="5" type="stmt"/>
        <line num="57" count="11" type="stmt"/>
        <line num="61" count="3" type="stmt"/>
        <line num="65" count="14" type="stmt"/>
        <line num="67" count="14" type="stmt"/>
        <line num="71" count="14" type="stmt"/>
        <line num="72" count="14" type="stmt"/>
        <line num="73" count="19" type="stmt"/>
        <line num="75" count="14" type="stmt"/>
        <line num="88" count="3" type="stmt"/>
        <line num="89" count="23" type="stmt"/>
        <line num="90" count="23" type="stmt"/>
        <line num="95" count="23" type="stmt"/>
        <line num="98" count="0" type="stmt"/>
        <line num="100" count="23" type="stmt"/>
        <line num="102" count="0" type="stmt"/>
        <line num="104" count="23" type="stmt"/>
        <line num="105" count="23" type="cond" truecount="2" falsecount="0"/>
        <line num="106" count="23" type="stmt"/>
        <line num="107" count="23" type="stmt"/>
        <line num="108" count="23" type="stmt"/>
        <line num="111" count="23" type="stmt"/>
        <line num="113" count="23" type="stmt"/>
        <line num="115" count="0" type="stmt"/>
        <line num="117" count="23" type="stmt"/>
        <line num="118" count="23" type="stmt"/>
        <line num="121" count="9" type="stmt"/>
        <line num="123" count="0" type="stmt"/>
        <line num="125" count="9" type="stmt"/>
        <line num="127" count="9" type="stmt"/>
        <line num="128" count="9" type="stmt"/>
        <line num="130" count="2" type="stmt"/>
        <line num="133" count="14" type="stmt"/>
        <line num="135" count="14" type="stmt"/>
        <line num="136" count="14" type="stmt"/>
        <line num="138" count="23" type="stmt"/>
        <line num="139" count="23" type="stmt"/>
      </file>
      <file name="pathsLookup.ts" path="/Users/nc/work/fuse-box/fuse-box/src/resolver/pathsLookup.ts">
        <metrics statements="35" coveredstatements="33" conditionals="6" coveredconditionals="5" methods="7" coveredmethods="7"/>
        <line num="1" count="3" type="stmt"/>
        <line num="2" count="3" type="stmt"/>
        <line num="14" count="3" type="stmt"/>
        <line num="15" count="3" type="stmt"/>
        <line num="18" count="8" type="stmt"/>
        <line num="19" count="8" type="stmt"/>
        <line num="31" count="0" type="stmt"/>
        <line num="33" count="9" type="stmt"/>
        <line num="35" count="8" type="stmt"/>
        <line num="36" count="8" type="stmt"/>
        <line num="37" count="8" type="stmt"/>
        <line num="39" count="8" type="stmt"/>
        <line num="40" count="8" type="stmt"/>
        <line num="41" count="10" type="stmt"/>
        <line num="46" count="0" type="stmt"/>
        <line num="49" count="9" type="stmt"/>
        <line num="62" count="12" type="stmt"/>
        <line num="64" count="2" type="stmt"/>
        <line num="65" count="2" type="stmt"/>
        <line num="67" count="10" type="stmt"/>
        <line num="68" count="10" type="stmt"/>
        <line num="74" count="2" type="stmt"/>
        <line num="77" count="14" type="stmt"/>
        <line num="80" count="3" type="stmt"/>
        <line num="84" count="14" type="stmt"/>
        <line num="87" count="56" type="stmt"/>
        <line num="89" count="56" type="stmt"/>
        <line num="91" count="5" type="stmt"/>
        <line num="93" count="5" type="stmt"/>
        <line num="102" count="9" type="stmt"/>
        <line num="104" count="8" type="stmt"/>
        <line num="105" count="8" type="stmt"/>
        <line num="108" count="10" type="stmt"/>
        <line num="109" count="10" type="stmt"/>
        <line num="111" count="8" type="stmt"/>
      </file>
      <file name="polyfills.ts" path="/Users/nc/work/fuse-box/fuse-box/src/resolver/polyfills.ts">
        <metrics statements="6" coveredstatements="6" conditionals="0" coveredconditionals="0" methods="2" coveredmethods="2"/>
        <line num="1" count="2" type="stmt"/>
        <line num="25" count="2" type="stmt"/>
        <line num="48" count="2" type="stmt"/>
        <line num="49" count="3" type="stmt"/>
        <line num="52" count="2" type="stmt"/>
        <line num="53" count="3" type="stmt"/>
      </file>
      <file name="resolver.ts" path="/Users/nc/work/fuse-box/fuse-box/src/resolver/resolver.ts">
        <metrics statements="47" coveredstatements="46" conditionals="13" coveredconditionals="13" methods="3" coveredmethods="3"/>
        <line num="1" count="2" type="stmt"/>
        <line num="2" count="2" type="stmt"/>
        <line num="3" count="2" type="stmt"/>
        <line num="4" count="2" type="stmt"/>
        <line num="5" count="2" type="stmt"/>
        <line num="58" count="1" type="stmt"/>
        <line num="70" count="5" type="stmt"/>
        <line num="71" count="5" type="stmt"/>
        <line num="73" count="5" type="stmt"/>
        <line num="74" count="5" type="stmt"/>
        <line num="76" count="4" type="stmt"/>
        <line num="77" count="4" type="stmt"/>
        <line num="80" count="1" type="stmt"/>
        <line num="83" count="2" type="stmt"/>
        <line num="84" count="51" type="stmt"/>
        <line num="86" count="1" type="stmt"/>
        <line num="88" count="50" type="stmt"/>
        <line num="89" count="50" type="stmt"/>
        <line num="90" count="50" type="stmt"/>
        <line num="91" count="50" type="stmt"/>
        <line num="93" count="50" type="stmt"/>
        <line num="100" count="5" type="stmt"/>
        <line num="101" count="5" type="stmt"/>
        <line num="102" count="5" type="stmt"/>
        <line num="108" count="2" type="stmt"/>
        <line num="111" count="1" type="stmt"/>
        <line num="112" count="1" type="stmt"/>
        <line num="115" count="1" type="stmt"/>
        <line num="116" count="1" type="stmt"/>
        <line num="125" count="3" type="stmt"/>
        <line num="133" count="3" type="stmt"/>
        <line num="139" count="47" type="stmt"/>
        <line num="143" count="1" type="stmt"/>
        <line num="146" count="1" type="stmt"/>
        <line num="148" count="23" type="stmt"/>
        <line num="149" count="23" type="cond" truecount="2" falsecount="0"/>
        <line num="150" count="23" type="stmt"/>
        <line num="155" count="22" type="stmt"/>
        <line num="160" count="0" type="stmt"/>
        <line num="163" count="4" type="stmt"/>
        <line num="166" count="25" type="stmt"/>
        <line num="167" count="25" type="stmt"/>
        <line num="168" count="25" type="cond" truecount="2" falsecount="0"/>
        <line num="169" count="25" type="stmt"/>
        <line num="173" count="2" type="stmt"/>
        <line num="175" count="6" type="stmt"/>
        <line num="178" count="25" type="stmt"/>
      </file>
      <file name="shared.ts" path="/Users/nc/work/fuse-box/fuse-box/src/resolver/shared.ts">
        <metrics statements="6" coveredstatements="3" conditionals="3" coveredconditionals="3" methods="1" coveredmethods="1"/>
        <line num="1" count="5" type="stmt"/>
        <line num="3" count="2" type="stmt"/>
        <line num="6" count="0" type="stmt"/>
        <line num="9" count="0" type="stmt"/>
        <line num="12" count="0" type="stmt"/>
        <line num="14" count="28" type="stmt"/>
      </file>
    </package>
    <package name="transform">
      <metrics statements="91" coveredstatements="87" conditionals="19" coveredconditionals="15" methods="28" coveredmethods="24"/>
      <file name="acornUtils.ts" path="/Users/nc/work/fuse-box/fuse-box/src/transform/acornUtils.ts">
        <metrics statements="23" coveredstatements="19" conditionals="4" coveredconditionals="0" methods="11" coveredmethods="7"/>
        <line num="1" count="1" type="stmt"/>
        <line num="4" count="0" type="stmt"/>
        <line num="9" count="1" type="stmt"/>
        <line num="12" count="0" type="stmt"/>
        <line num="17" count="1" type="stmt"/>
        <line num="18" count="169" type="stmt"/>
        <line num="21" count="1" type="stmt"/>
        <line num="22" count="169" type="stmt"/>
        <line num="25" count="1" type="stmt"/>
        <line num="26" count="0" type="stmt"/>
        <line num="28" count="1" type="stmt"/>
        <line num="29" count="0" type="stmt"/>
        <line num="31" count="1" type="stmt"/>
        <line num="47" count="1" type="stmt"/>
        <line num="52" count="14" type="stmt"/>
        <line num="72" count="1" type="stmt"/>
        <line num="73" count="11" type="stmt"/>
        <line num="89" count="1" type="stmt"/>
        <line num="90" count="14" type="stmt"/>
        <line num="103" count="1" type="stmt"/>
        <line num="104" count="22" type="stmt"/>
        <line num="134" count="1" type="stmt"/>
        <line num="135" count="1" type="stmt"/>
      </file>
      <file name="fastTransform.ts" path="/Users/nc/work/fuse-box/fuse-box/src/transform/fastTransform.ts">
        <metrics statements="68" coveredstatements="68" conditionals="15" coveredconditionals="15" methods="17" coveredmethods="17"/>
        <line num="1" count="1" type="stmt"/>
        <line num="2" count="1" type="stmt"/>
        <line num="3" count="1" type="stmt"/>
        <line num="4" count="1" type="stmt"/>
        <line num="14" count="1" type="stmt"/>
        <line num="15" count="29" type="cond" truecount="2" falsecount="0"/>
        <line num="16" count="29" type="stmt"/>
        <line num="40" count="5" type="stmt"/>
        <line num="42" count="5" type="stmt"/>
        <line num="44" count="5" type="stmt"/>
        <line num="45" count="6" type="stmt"/>
        <line num="52" count="3" type="stmt"/>
        <line num="53" count="5" type="stmt"/>
        <line num="57" count="8" type="stmt"/>
        <line num="63" count="5" type="stmt"/>
        <line num="66" count="3" type="stmt"/>
        <line num="67" count="3" type="stmt"/>
        <line num="69" count="4" type="stmt"/>
        <line num="72" count="3" type="stmt"/>
        <line num="73" count="3" type="stmt"/>
        <line num="74" count="3" type="stmt"/>
        <line num="75" count="3" type="stmt"/>
        <line num="81" count="2" type="stmt"/>
        <line num="84" count="2" type="stmt"/>
        <line num="88" count="2" type="stmt"/>
        <line num="92" count="8" type="stmt"/>
        <line num="97" count="10" type="stmt"/>
        <line num="98" count="10" type="stmt"/>
        <line num="99" count="10" type="stmt"/>
        <line num="108" count="9" type="stmt"/>
        <line num="110" count="10" type="stmt"/>
        <line num="111" count="10" type="stmt"/>
        <line num="114" count="5" type="stmt"/>
        <line num="119" count="3" type="stmt"/>
        <line num="124" count="3" type="stmt"/>
        <line num="135" count="1" type="stmt"/>
        <line num="136" count="29" type="stmt"/>
        <line num="138" count="29" type="stmt"/>
        <line num="139" count="29" type="stmt"/>
        <line num="145" count="12" type="stmt"/>
        <line num="147" count="3" type="stmt"/>
        <line num="150" count="8" type="stmt"/>
        <line num="153" count="15" type="stmt"/>
        <line num="154" count="15" type="stmt"/>
        <line num="159" count="29" type="stmt"/>
        <line num="162" count="1" type="stmt"/>
        <line num="163" count="1" type="stmt"/>
        <line num="164" count="1" type="stmt"/>
        <line num="165" count="1" type="stmt"/>
        <line num="170" count="5" type="stmt"/>
        <line num="176" count="5" type="stmt"/>
        <line num="180" count="10" type="stmt"/>
        <line num="184" count="29" type="stmt"/>
        <line num="186" count="10" type="stmt"/>
        <line num="187" count="10" type="stmt"/>
        <line num="189" count="10" type="stmt"/>
        <line num="191" count="10" type="stmt"/>
        <line num="192" count="10" type="stmt"/>
        <line num="193" count="11" type="stmt"/>
        <line num="195" count="10" type="stmt"/>
        <line num="199" count="5" type="stmt"/>
        <line num="203" count="29" type="stmt"/>
        <line num="204" count="15" type="stmt"/>
        <line num="217" count="29" type="stmt"/>
        <line num="218" count="8" type="stmt"/>
        <line num="220" count="8" type="stmt"/>
        <line num="224" count="29" type="stmt"/>
        <line num="225" count="29" type="stmt"/>
      </file>
    </package>
    <package name="utils">
      <metrics statements="97" coveredstatements="83" conditionals="14" coveredconditionals="8" methods="20" coveredmethods="17"/>
      <file name="ast.ts" path="/Users/nc/work/fuse-box/fuse-box/src/utils/ast.ts">
        <metrics statements="18" coveredstatements="16" conditionals="10" coveredconditionals="6" methods="2" coveredmethods="2"/>
        <line num="1" count="1" type="stmt"/>
        <line num="5" count="29" type="cond" truecount="1" falsecount="1"/>
        <line num="8" count="29" type="stmt"/>
        <line num="10" count="29" type="stmt"/>
        <line num="12" count="768" type="stmt"/>
        <line num="15" count="10" type="stmt"/>
        <line num="18" count="169" type="stmt"/>
        <line num="19" count="169" type="stmt"/>
        <line num="20" count="169" type="stmt"/>
        <line num="21" count="169" type="stmt"/>
        <line num="24" count="0" type="stmt"/>
        <line num="30" count="328" type="stmt"/>
        <line num="32" count="913" type="stmt"/>
        <line num="34" count="57" type="stmt"/>
        <line num="35" count="62" type="stmt"/>
        <line num="37" count="0" type="stmt"/>
        <line num="41" count="856" type="stmt"/>
        <line num="46" count="29" type="stmt"/>
      </file>
      <file name="test_utils.ts" path="/Users/nc/work/fuse-box/fuse-box/src/utils/test_utils.ts">
        <metrics statements="27" coveredstatements="26" conditionals="0" coveredconditionals="0" methods="5" coveredmethods="4"/>
        <line num="1" count="5" type="stmt"/>
        <line num="2" count="5" type="stmt"/>
        <line num="3" count="5" type="stmt"/>
        <line num="4" count="5" type="stmt"/>
        <line num="15" count="5" type="stmt"/>
        <line num="17" count="70" type="stmt"/>
        <line num="18" count="70" type="stmt"/>
        <line num="19" count="70" type="stmt"/>
        <line num="24" count="70" type="stmt"/>
        <line num="25" count="70" type="stmt"/>
        <line num="26" count="70" type="stmt"/>
        <line num="28" count="0" type="stmt"/>
        <line num="35" count="14" type="stmt"/>
        <line num="36" count="14" type="stmt"/>
        <line num="37" count="14" type="stmt"/>
        <line num="38" count="14" type="stmt"/>
        <line num="42" count="5" type="stmt"/>
        <line num="43" count="2" type="stmt"/>
        <line num="46" count="5" type="stmt"/>
        <line num="47" count="2" type="stmt"/>
        <line num="49" count="2" type="stmt"/>
        <line num="51" count="2" type="stmt"/>
        <line num="52" count="2" type="stmt"/>
        <line num="54" count="2" type="stmt"/>
        <line num="55" count="2" type="stmt"/>
        <line num="57" count="2" type="stmt"/>
        <line num="58" count="2" type="stmt"/>
      </file>
      <file name="utils.ts" path="/Users/nc/work/fuse-box/fuse-box/src/utils/utils.ts">
        <metrics statements="52" coveredstatements="41" conditionals="4" coveredconditionals="2" methods="13" coveredmethods="11"/>
        <line num="1" count="5" type="stmt"/>
        <line num="2" count="5" type="stmt"/>
        <line num="3" count="5" type="stmt"/>
        <line num="5" count="5" type="stmt"/>
        <line num="7" count="5" type="stmt"/>
        <line num="9" count="1" type="stmt"/>
        <line num="11" count="4" type="stmt"/>
        <line num="13" count="4" type="stmt"/>
        <line num="14" count="4" type="stmt"/>
        <line num="15" count="4" type="stmt"/>
        <line num="18" count="5" type="stmt"/>
        <line num="19" count="72" type="stmt"/>
        <line num="21" count="18" type="stmt"/>
        <line num="24" count="4" type="stmt"/>
        <line num="26" count="72" type="stmt"/>
        <line num="29" count="5" type="stmt"/>
        <line num="31" count="0" type="stmt"/>
        <line num="35" count="0" type="stmt"/>
        <line num="38" count="22" type="stmt"/>
        <line num="40" count="0" type="stmt"/>
        <line num="44" count="5" type="stmt"/>
        <line num="45" count="72" type="stmt"/>
        <line num="46" count="72" type="stmt"/>
        <line num="47" count="72" type="stmt"/>
        <line num="49" count="72" type="stmt"/>
        <line num="51" count="72" type="stmt"/>
        <line num="54" count="5" type="stmt"/>
        <line num="55" count="42" type="stmt"/>
        <line num="58" count="5" type="stmt"/>
        <line num="59" count="34" type="stmt"/>
        <line num="61" count="5" type="stmt"/>
        <line num="62" count="15" type="stmt"/>
        <line num="65" count="5" type="stmt"/>
        <line num="66" count="7" type="stmt"/>
        <line num="67" count="7" type="stmt"/>
        <line num="69" count="5" type="stmt"/>
        <line num="70" count="72" type="cond" truecount="2" falsecount="0"/>
        <line num="73" count="5" type="stmt"/>
        <line num="75" count="0" type="stmt"/>
        <line num="77" count="0" type="stmt"/>
        <line num="78" count="0" type="stmt"/>
        <line num="80" count="0" type="stmt"/>
        <line num="81" count="0" type="stmt"/>
        <line num="84" count="5" type="stmt"/>
        <line num="86" count="15" type="stmt"/>
        <line num="88" count="24" type="stmt"/>
        <line num="91" count="5" type="stmt"/>
        <line num="92" count="284" type="stmt"/>
        <line num="95" count="5" type="stmt"/>
        <line num="96" count="0" type="stmt"/>
        <line num="97" count="0" type="stmt"/>
        <line num="100" count="0" type="stmt"/>
      </file>
    </package>
  </project>
</coverage>
