{"/Users/nc/work/fuse-box/fuse-box/src/analysis/fastAnalysis.ts": {"path":"/Users/nc/work/fuse-box/fuse-box/src/analysis/fastAnalysis.ts","statementMap":{"0":{"start":{"line":1,"column":0},"end":{"line":1,"column":39}},"1":{"start":{"line":45,"column":16},"end":{"line":45,"column":21}},"2":{"start":{"line":46,"column":1},"end":{"line":67,"column":4}},"3":{"start":{"line":48,"column":3},"end":{"line":48,"column":19}},"4":{"start":{"line":51,"column":4},"end":{"line":51,"column":21}},"5":{"start":{"line":52,"column":4},"end":{"line":52,"column":11}},"6":{"start":{"line":55,"column":4},"end":{"line":55,"column":66}},"7":{"start":{"line":58,"column":4},"end":{"line":58,"column":57}},"8":{"start":{"line":61,"column":4},"end":{"line":61,"column":59}},"9":{"start":{"line":64,"column":4},"end":{"line":64,"column":60}},"10":{"start":{"line":69,"column":1},"end":{"line":69,"column":15}},"11":{"start":{"line":37,"column":0},"end":{"line":37,"column":16}}},"fnMap":{"0":{"name":"fastAnalysis","decl":{"start":{"line":37,"column":16},"end":{"line":37,"column":28}},"loc":{"start":{"line":37,"column":54},"end":{"line":70,"column":1}}},"1":{"name":"(anonymous_1)","decl":{"start":{"line":46,"column":23},"end":{"line":46,"column":28}},"loc":{"start":{"line":46,"column":31},"end":{"line":67,"column":2}}}},"branchMap":{"0":{"loc":{"start":{"line":47,"column":6},"end":{"line":47,"column":24}},"type":"binary-expr","locations":[{"start":{"line":47,"column":6},"end":{"line":47,"column":24}},{"start":{"line":47,"column":28},"end":{"line":47,"column":51}}]},"1":{"loc":{"start":{"line":50,"column":7},"end":{"line":50,"column":15}},"type":"binary-expr","locations":[{"start":{"line":50,"column":7},"end":{"line":50,"column":15}},{"start":{"line":50,"column":19},"end":{"line":50,"column":35}}]}},"s":{"0":2,"1":70,"2":70,"3":15,"4":23,"5":23,"6":11,"7":6,"8":19,"9":11,"10":70,"11":2},"f":{"0":70,"1":85},"b":{"0":[85,73],"1":[70,55]}}
,"/Users/nc/work/fuse-box/fuse-box/src/analysis/tokenizer.ts": {"path":"/Users/nc/work/fuse-box/fuse-box/src/analysis/tokenizer.ts","statementMap":{"0":{"start":{"line":26,"column":13},"end":{"line":26,"column":15}},"1":{"start":{"line":28,"column":1},"end":{"line":28,"column":39}},"2":{"start":{"line":31,"column":14},"end":{"line":31,"column":53}},"3":{"start":{"line":36,"column":2},"end":{"line":44,"column":5}},"4":{"start":{"line":33,"column":0},"end":{"line":33,"column":16}}},"fnMap":{"0":{"name":"tokenize","decl":{"start":{"line":33,"column":16},"end":{"line":33,"column":24}},"loc":{"start":{"line":33,"column":81},"end":{"line":46,"column":1}}}},"branchMap":{"0":{"loc":{"start":{"line":37,"column":21},"end":{"line":37,"column":45}},"type":"binary-expr","locations":[{"start":{"line":37,"column":21},"end":{"line":37,"column":45}},{"start":{"line":37,"column":49},"end":{"line":37,"column":59}}]},"1":{"loc":{"start":{"line":38,"column":18},"end":{"line":38,"column":41}},"type":"binary-expr","locations":[{"start":{"line":38,"column":18},"end":{"line":38,"column":41}},{"start":{"line":38,"column":45},"end":{"line":38,"column":55}}]}},"s":{"0":2,"1":12,"2":2,"3":85,"4":2},"f":{"0":70},"b":{"0":[85,15],"1":[85,15]}}
,"/Users/nc/work/fuse-box/fuse-box/src/analysis/tsParser.ts": {"path":"/Users/nc/work/fuse-box/fuse-box/src/analysis/tsParser.ts","statementMap":{"0":{"start":{"line":1,"column":0},"end":{"line":1,"column":33}},"1":{"start":{"line":13,"column":1},"end":{"line":13,"column":98}},"2":{"start":{"line":12,"column":0},"end":{"line":12,"column":16}},"3":{"start":{"line":17,"column":28},"end":{"line":17,"column":30}},"4":{"start":{"line":18,"column":24},"end":{"line":18,"column":26}},"5":{"start":{"line":19,"column":30},"end":{"line":19,"column":32}},"6":{"start":{"line":21,"column":25},"end":{"line":33,"column":2}},"7":{"start":{"line":23,"column":3},"end":{"line":23,"column":54}},"8":{"start":{"line":25,"column":3},"end":{"line":25,"column":75}},"9":{"start":{"line":27,"column":3},"end":{"line":27,"column":56}},"10":{"start":{"line":29,"column":3},"end":{"line":29,"column":71}},"11":{"start":{"line":32,"column":2},"end":{"line":32,"column":41}},"12":{"start":{"line":34,"column":1},"end":{"line":34,"column":29}},"13":{"start":{"line":36,"column":1},"end":{"line":40,"column":3}},"14":{"start":{"line":16,"column":0},"end":{"line":16,"column":16}},"15":{"start":{"line":44,"column":1},"end":{"line":44,"column":72}},"16":{"start":{"line":44,"column":59},"end":{"line":44,"column":72}},"17":{"start":{"line":46,"column":41},"end":{"line":46,"column":76}},"18":{"start":{"line":49,"column":2},"end":{"line":49,"column":15}},"19":{"start":{"line":51,"column":1},"end":{"line":51,"column":37}},"20":{"start":{"line":51,"column":24},"end":{"line":51,"column":37}},"21":{"start":{"line":53,"column":1},"end":{"line":53,"column":40}},"22":{"start":{"line":43,"column":0},"end":{"line":43,"column":16}},"23":{"start":{"line":61,"column":30},"end":{"line":61,"column":65}},"24":{"start":{"line":62,"column":2},"end":{"line":62,"column":38}},"25":{"start":{"line":62,"column":25},"end":{"line":62,"column":38}},"26":{"start":{"line":63,"column":2},"end":{"line":63,"column":41}},"27":{"start":{"line":65,"column":1},"end":{"line":65,"column":14}},"28":{"start":{"line":56,"column":0},"end":{"line":56,"column":16}}},"fnMap":{"0":{"name":"createSourceFile","decl":{"start":{"line":12,"column":16},"end":{"line":12,"column":32}},"loc":{"start":{"line":12,"column":64},"end":{"line":14,"column":1}}},"1":{"name":"getImports","decl":{"start":{"line":16,"column":16},"end":{"line":16,"column":26}},"loc":{"start":{"line":16,"column":52},"end":{"line":41,"column":1}}},"2":{"name":"(anonymous_2)","decl":{"start":{"line":21,"column":25},"end":{"line":21,"column":26}},"loc":{"start":{"line":21,"column":43},"end":{"line":33,"column":2}}},"3":{"name":"isRequireCall","decl":{"start":{"line":43,"column":16},"end":{"line":43,"column":29}},"loc":{"start":{"line":43,"column":53},"end":{"line":54,"column":1}}},"4":{"name":"isImportCall","decl":{"start":{"line":56,"column":16},"end":{"line":56,"column":28}},"loc":{"start":{"line":56,"column":52},"end":{"line":66,"column":1}}}},"branchMap":{"0":{"loc":{"start":{"line":22,"column":6},"end":{"line":22,"column":34}},"type":"binary-expr","locations":[{"start":{"line":22,"column":6},"end":{"line":22,"column":34}},{"start":{"line":22,"column":38},"end":{"line":22,"column":82}}]},"1":{"loc":{"start":{"line":26,"column":13},"end":{"line":26,"column":41}},"type":"binary-expr","locations":[{"start":{"line":26,"column":13},"end":{"line":26,"column":41}},{"start":{"line":26,"column":45},"end":{"line":26,"column":89}}]},"2":{"loc":{"start":{"line":44,"column":1},"end":{"line":44,"column":72}},"type":"if","locations":[{"start":{"line":44,"column":1},"end":{"line":44,"column":72}},{"start":{"line":44,"column":1},"end":{"line":44,"column":72}}]},"3":{"loc":{"start":{"line":48,"column":5},"end":{"line":48,"column":49}},"type":"binary-expr","locations":[{"start":{"line":48,"column":5},"end":{"line":48,"column":49}},{"start":{"line":48,"column":54},"end":{"line":48,"column":108}}]},"4":{"loc":{"start":{"line":51,"column":1},"end":{"line":51,"column":37}},"type":"if","locations":[{"start":{"line":51,"column":1},"end":{"line":51,"column":37}},{"start":{"line":51,"column":1},"end":{"line":51,"column":37}}]},"5":{"loc":{"start":{"line":58,"column":2},"end":{"line":58,"column":54}},"type":"binary-expr","locations":[{"start":{"line":58,"column":2},"end":{"line":58,"column":54}},{"start":{"line":59,"column":22},"end":{"line":59,"column":85}}]},"6":{"loc":{"start":{"line":62,"column":2},"end":{"line":62,"column":38}},"type":"if","locations":[{"start":{"line":62,"column":2},"end":{"line":62,"column":38}},{"start":{"line":62,"column":2},"end":{"line":62,"column":38}}]}},"s":{"0":1,"1":36,"2":1,"3":36,"4":36,"5":36,"6":36,"7":1,"8":11,"9":2,"10":11,"11":207,"12":36,"13":36,"14":1,"15":206,"16":180,"17":26,"18":15,"19":11,"20":0,"21":11,"22":1,"23":11,"24":11,"25":0,"26":11,"27":182,"28":1},"f":{"0":36,"1":36,"2":207,"3":206,"4":193},"b":{"0":[207,1],"1":[195,2],"2":[180,26],"3":[26,13],"4":[0,11],"5":[193,15],"6":[0,11]}}
,"/Users/nc/work/fuse-box/fuse-box/src/cache/adapters.ts": {"path":"/Users/nc/work/fuse-box/fuse-box/src/cache/adapters.ts","statementMap":{"0":{"start":{"line":5,"column":2},"end":{"line":5,"column":17}},"1":{"start":{"line":17,"column":2},"end":{"line":17,"column":25}},"2":{"start":{"line":28,"column":2},"end":{"line":28,"column":24}},"3":{"start":{"line":32,"column":15},"end":{"line":32,"column":34}},"4":{"start":{"line":33,"column":2},"end":{"line":33,"column":22}},"5":{"start":{"line":34,"column":2},"end":{"line":34,"column":14}},"6":{"start":{"line":3,"column":0},"end":{"line":3,"column":13}},"7":{"start":{"line":40,"column":1},"end":{"line":40,"column":28}},"8":{"start":{"line":39,"column":0},"end":{"line":39,"column":16}}},"fnMap":{"0":{"name":"(anonymous_0)","decl":{"start":{"line":4,"column":1},"end":{"line":4,"column":null}},"loc":{"start":{"line":4,"column":1},"end":{"line":6,"column":2}}},"1":{"name":"(anonymous_1)","decl":{"start":{"line":16,"column":1},"end":{"line":16,"column":4}},"loc":{"start":{"line":16,"column":28},"end":{"line":18,"column":2}}},"2":{"name":"(anonymous_2)","decl":{"start":{"line":27,"column":1},"end":{"line":27,"column":4}},"loc":{"start":{"line":27,"column":16},"end":{"line":29,"column":2}}},"3":{"name":"(anonymous_3)","decl":{"start":{"line":31,"column":1},"end":{"line":31,"column":7}},"loc":{"start":{"line":31,"column":19},"end":{"line":35,"column":2}}},"4":{"name":"(anonymous_4)","decl":{"start":{"line":36,"column":1},"end":{"line":36,"column":5}},"loc":{"start":{"line":36,"column":5},"end":{"line":36,"column":10}}},"5":{"name":"getMemoryAdapter","decl":{"start":{"line":39,"column":16},"end":{"line":39,"column":32}},"loc":{"start":{"line":39,"column":32},"end":{"line":41,"column":1}}}},"branchMap":{"0":{"loc":{"start":{"line":32,"column":15},"end":{"line":32,"column":28}},"type":"binary-expr","locations":[{"start":{"line":32,"column":15},"end":{"line":32,"column":28}},{"start":{"line":32,"column":32},"end":{"line":32,"column":34}}]}},"s":{"0":4,"1":8,"2":9,"3":4,"4":4,"5":4,"6":2,"7":4,"8":2},"f":{"0":4,"1":8,"2":9,"3":4,"4":0,"5":4},"b":{"0":[4,2]}}
,"/Users/nc/work/fuse-box/fuse-box/src/cache/cache.ts": {"path":"/Users/nc/work/fuse-box/fuse-box/src/cache/cache.ts","statementMap":{"0":{"start":{"line":11,"column":1},"end":{"line":11,"column":34}},"1":{"start":{"line":10,"column":0},"end":{"line":10,"column":16}},"2":{"start":{"line":15,"column":20},"end":{"line":15,"column":42}},"3":{"start":{"line":16,"column":2},"end":{"line":16,"column":31}},"4":{"start":{"line":20,"column":17},"end":{"line":20,"column":41}},"5":{"start":{"line":21,"column":2},"end":{"line":21,"column":35}},"6":{"start":{"line":25,"column":15},"end":{"line":25,"column":78}},"7":{"start":{"line":26,"column":2},"end":{"line":26,"column":29}},"8":{"start":{"line":27,"column":14},"end":{"line":27,"column":59}},"9":{"start":{"line":28,"column":2},"end":{"line":28,"column":75}},"10":{"start":{"line":29,"column":2},"end":{"line":29,"column":17}},"11":{"start":{"line":33,"column":35},"end":{"line":33,"column":37}},"12":{"start":{"line":35,"column":14},"end":{"line":35,"column":57}},"13":{"start":{"line":38,"column":3},"end":{"line":38,"column":10}},"14":{"start":{"line":40,"column":22},"end":{"line":40,"column":54}},"15":{"start":{"line":43,"column":2},"end":{"line":43,"column":55}},"16":{"start":{"line":45,"column":3},"end":{"line":45,"column":10}},"17":{"start":{"line":49,"column":16},"end":{"line":49,"column":37}},"18":{"start":{"line":52,"column":4},"end":{"line":52,"column":11}},"19":{"start":{"line":56,"column":50},"end":{"line":56,"column":52}},"20":{"start":{"line":59,"column":23},"end":{"line":59,"column":45}},"21":{"start":{"line":60,"column":29},"end":{"line":60,"column":82}},"22":{"start":{"line":63,"column":5},"end":{"line":63,"column":12}},"23":{"start":{"line":66,"column":4},"end":{"line":66,"column":45}},"24":{"start":{"line":69,"column":2},"end":{"line":72,"column":5}},"25":{"start":{"line":74,"column":2},"end":{"line":79,"column":5}},"26":{"start":{"line":75,"column":3},"end":{"line":78,"column":6}},"27":{"start":{"line":81,"column":2},"end":{"line":81,"column":18}},"28":{"start":{"line":13,"column":0},"end":{"line":13,"column":13}},"29":{"start":{"line":86,"column":14},"end":{"line":86,"column":61}},"30":{"start":{"line":88,"column":2},"end":{"line":88,"column":21}},"31":{"start":{"line":90,"column":1},"end":{"line":90,"column":13}},"32":{"start":{"line":85,"column":0},"end":{"line":85,"column":16}},"33":{"start":{"line":94,"column":1},"end":{"line":94,"column":27}},"34":{"start":{"line":93,"column":0},"end":{"line":93,"column":16}}},"fnMap":{"0":{"name":"getPackageCacheKey","decl":{"start":{"line":10,"column":16},"end":{"line":10,"column":34}},"loc":{"start":{"line":10,"column":64},"end":{"line":12,"column":1}}},"1":{"name":"(anonymous_1)","decl":{"start":{"line":15,"column":1},"end":{"line":15,"column":20}},"loc":{"start":{"line":15,"column":42},"end":{"line":17,"column":2}}},"2":{"name":"(anonymous_2)","decl":{"start":{"line":19,"column":8},"end":{"line":19,"column":19}},"loc":{"start":{"line":19,"column":49},"end":{"line":22,"column":2}}},"3":{"name":"(anonymous_3)","decl":{"start":{"line":24,"column":8},"end":{"line":24,"column":19}},"loc":{"start":{"line":24,"column":71},"end":{"line":30,"column":2}}},"4":{"name":"(anonymous_4)","decl":{"start":{"line":32,"column":8},"end":{"line":32,"column":15}},"loc":{"start":{"line":32,"column":36},"end":{"line":82,"column":2}}},"5":{"name":"(anonymous_5)","decl":{"start":{"line":74,"column":28},"end":{"line":74,"column":31}},"loc":{"start":{"line":74,"column":34},"end":{"line":79,"column":3}}},"6":{"name":"getTree","decl":{"start":{"line":85,"column":16},"end":{"line":85,"column":23}},"loc":{"start":{"line":85,"column":46},"end":{"line":91,"column":1}}},"7":{"name":"getCache","decl":{"start":{"line":93,"column":16},"end":{"line":93,"column":24}},"loc":{"start":{"line":93,"column":47},"end":{"line":95,"column":1}}}},"branchMap":{"0":{"loc":{"start":{"line":21,"column":9},"end":{"line":21,"column":15}},"type":"binary-expr","locations":[{"start":{"line":21,"column":9},"end":{"line":21,"column":15}},{"start":{"line":21,"column":19},"end":{"line":21,"column":34}}]},"1":{"loc":{"start":{"line":25,"column":48},"end":{"line":25,"column":72}},"type":"binary-expr","locations":[{"start":{"line":25,"column":48},"end":{"line":25,"column":72}},{"start":{"line":25,"column":76},"end":{"line":25,"column":78}}]},"2":{"loc":{"start":{"line":43,"column":24},"end":{"line":43,"column":43}},"type":"binary-expr","locations":[{"start":{"line":43,"column":24},"end":{"line":43,"column":43}},{"start":{"line":43,"column":47},"end":{"line":43,"column":54}}]}},"s":{"0":9,"1":1,"2":1,"3":1,"4":6,"5":6,"6":3,"7":3,"8":3,"9":3,"10":3,"11":4,"12":4,"13":0,"14":4,"15":4,"16":1,"17":3,"18":1,"19":2,"20":1,"21":1,"22":0,"23":1,"24":2,"25":2,"26":1,"27":2,"28":1,"29":4,"30":2,"31":4,"32":1,"33":1,"34":1},"f":{"0":9,"1":1,"2":6,"3":3,"4":4,"5":1,"6":4,"7":1},"b":{"0":[6,6],"1":[3,3],"2":[4,0]}}
,"/Users/nc/work/fuse-box/fuse-box/src/core/Module.ts": {"path":"/Users/nc/work/fuse-box/fuse-box/src/core/Module.ts","statementMap":{"0":{"start":{"line":3,"column":0},"end":{"line":3,"column":42}},"1":{"start":{"line":6,"column":30},"end":{"line":6,"column":60}},"2":{"start":{"line":23,"column":20},"end":{"line":23,"column":39}},"3":{"start":{"line":24,"column":2},"end":{"line":24,"column":17}},"4":{"start":{"line":25,"column":2},"end":{"line":25,"column":25}},"5":{"start":{"line":26,"column":2},"end":{"line":26,"column":31}},"6":{"start":{"line":27,"column":2},"end":{"line":27,"column":33}},"7":{"start":{"line":31,"column":2},"end":{"line":31,"column":33}},"8":{"start":{"line":35,"column":2},"end":{"line":35,"column":47}},"9":{"start":{"line":36,"column":2},"end":{"line":36,"column":23}},"10":{"start":{"line":40,"column":2},"end":{"line":40,"column":62}},"11":{"start":{"line":14,"column":0},"end":{"line":14,"column":13}},"12":{"start":{"line":45,"column":1},"end":{"line":45,"column":31}},"13":{"start":{"line":44,"column":0},"end":{"line":44,"column":16}}},"fnMap":{"0":{"name":"(anonymous_0)","decl":{"start":{"line":23,"column":1},"end":{"line":23,"column":20}},"loc":{"start":{"line":23,"column":53},"end":{"line":28,"column":2}}},"1":{"name":"(anonymous_1)","decl":{"start":{"line":30,"column":8},"end":{"line":30,"column":15}},"loc":{"start":{"line":30,"column":15},"end":{"line":32,"column":2}}},"2":{"name":"(anonymous_2)","decl":{"start":{"line":34,"column":8},"end":{"line":34,"column":12}},"loc":{"start":{"line":34,"column":12},"end":{"line":37,"column":2}}},"3":{"name":"(anonymous_3)","decl":{"start":{"line":39,"column":8},"end":{"line":39,"column":20}},"loc":{"start":{"line":39,"column":20},"end":{"line":41,"column":2}}},"4":{"name":"createModule","decl":{"start":{"line":44,"column":16},"end":{"line":44,"column":28}},"loc":{"start":{"line":44,"column":62},"end":{"line":46,"column":1}}}},"branchMap":{},"s":{"0":1,"1":1,"2":36,"3":36,"4":36,"5":36,"6":36,"7":0,"8":34,"9":34,"10":36,"11":1,"12":21,"13":1},"f":{"0":36,"1":0,"2":34,"3":36,"4":21},"b":{}}
,"/Users/nc/work/fuse-box/fuse-box/src/core/Package.ts": {"path":"/Users/nc/work/fuse-box/fuse-box/src/core/Package.ts","statementMap":{"0":{"start":{"line":18,"column":20},"end":{"line":18,"column":40}},"1":{"start":{"line":19,"column":2},"end":{"line":19,"column":20}},"2":{"start":{"line":20,"column":2},"end":{"line":20,"column":24}},"3":{"start":{"line":21,"column":2},"end":{"line":21,"column":29}},"4":{"start":{"line":25,"column":2},"end":{"line":25,"column":22}},"5":{"start":{"line":9,"column":0},"end":{"line":9,"column":13}},"6":{"start":{"line":30,"column":1},"end":{"line":30,"column":27}},"7":{"start":{"line":29,"column":0},"end":{"line":29,"column":16}}},"fnMap":{"0":{"name":"(anonymous_0)","decl":{"start":{"line":18,"column":1},"end":{"line":18,"column":20}},"loc":{"start":{"line":18,"column":40},"end":{"line":22,"column":2}}},"1":{"name":"(anonymous_1)","decl":{"start":{"line":24,"column":8},"end":{"line":24,"column":16}},"loc":{"start":{"line":24,"column":31},"end":{"line":26,"column":2}}},"2":{"name":"createPackage","decl":{"start":{"line":29,"column":16},"end":{"line":29,"column":29}},"loc":{"start":{"line":29,"column":50},"end":{"line":31,"column":1}}}},"branchMap":{},"s":{"0":27,"1":27,"2":27,"3":27,"4":15,"5":1,"6":12,"7":1},"f":{"0":27,"1":15,"2":12},"b":{}}
,"/Users/nc/work/fuse-box/fuse-box/src/core/application.ts": {"path":"/Users/nc/work/fuse-box/fuse-box/src/core/application.ts","statementMap":{"0":{"start":{"line":1,"column":0},"end":{"line":1,"column":83}},"1":{"start":{"line":3,"column":0},"end":{"line":3,"column":34}},"2":{"start":{"line":4,"column":0},"end":{"line":4,"column":51}},"3":{"start":{"line":7,"column":17},"end":{"line":7,"column":66}},"4":{"start":{"line":8,"column":21},"end":{"line":8,"column":65}},"5":{"start":{"line":9,"column":19},"end":{"line":9,"column":40}},"6":{"start":{"line":10,"column":13},"end":{"line":10,"column":38}},"7":{"start":{"line":11,"column":16},"end":{"line":18,"column":null}},"8":{"start":{"line":20,"column":1},"end":{"line":20,"column":22}},"9":{"start":{"line":21,"column":1},"end":{"line":21,"column":12}},"10":{"start":{"line":6,"column":0},"end":{"line":6,"column":16}},"11":{"start":{"line":31,"column":13},"end":{"line":31,"column":31}},"12":{"start":{"line":32,"column":1},"end":{"line":32,"column":29}},"13":{"start":{"line":33,"column":1},"end":{"line":33,"column":12}},"14":{"start":{"line":24,"column":0},"end":{"line":24,"column":16}}},"fnMap":{"0":{"name":"createApplicationPackage","decl":{"start":{"line":6,"column":16},"end":{"line":6,"column":40}},"loc":{"start":{"line":6,"column":72},"end":{"line":22,"column":1}}},"1":{"name":"createDefaultPackage","decl":{"start":{"line":24,"column":16},"end":{"line":24,"column":36}},"loc":{"start":{"line":24,"column":49},"end":{"line":34,"column":1}}}},"branchMap":{},"s":{"0":1,"1":1,"2":1,"3":15,"4":15,"5":15,"6":15,"7":15,"8":15,"9":15,"10":1,"11":15,"12":15,"13":15,"14":1},"f":{"0":15,"1":15},"b":{}}
,"/Users/nc/work/fuse-box/fuse-box/src/core/assemble.ts": {"path":"/Users/nc/work/fuse-box/fuse-box/src/core/assemble.ts","statementMap":{"0":{"start":{"line":1,"column":0},"end":{"line":1,"column":56}},"1":{"start":{"line":2,"column":0},"end":{"line":2,"column":64}},"2":{"start":{"line":3,"column":0},"end":{"line":3,"column":57}},"3":{"start":{"line":5,"column":0},"end":{"line":5,"column":48}},"4":{"start":{"line":6,"column":0},"end":{"line":6,"column":51}},"5":{"start":{"line":16,"column":20},"end":{"line":16,"column":56}},"6":{"start":{"line":17,"column":18},"end":{"line":17,"column":32}},"7":{"start":{"line":18,"column":20},"end":{"line":18,"column":84}},"8":{"start":{"line":19,"column":20},"end":{"line":19,"column":63}},"9":{"start":{"line":21,"column":2},"end":{"line":21,"column":71}},"10":{"start":{"line":22,"column":2},"end":{"line":22,"column":51}},"11":{"start":{"line":25,"column":2},"end":{"line":25,"column":39}},"12":{"start":{"line":29,"column":2},"end":{"line":37,"column":4}},"13":{"start":{"line":38,"column":2},"end":{"line":38,"column":21}},"14":{"start":{"line":40,"column":18},"end":{"line":40,"column":101}},"15":{"start":{"line":40,"column":47},"end":{"line":40,"column":100}},"16":{"start":{"line":42,"column":3},"end":{"line":50,"column":5}},"17":{"start":{"line":51,"column":3},"end":{"line":51,"column":35}},"18":{"start":{"line":53,"column":2},"end":{"line":53,"column":21}},"19":{"start":{"line":56,"column":2},"end":{"line":56,"column":56}},"20":{"start":{"line":58,"column":1},"end":{"line":58,"column":12}},"21":{"start":{"line":69,"column":20},"end":{"line":69,"column":56}},"22":{"start":{"line":71,"column":18},"end":{"line":78,"column":3}},"23":{"start":{"line":81,"column":2},"end":{"line":81,"column":9}},"24":{"start":{"line":84,"column":2},"end":{"line":86,"column":4}},"25":{"start":{"line":89,"column":2},"end":{"line":89,"column":86}},"26":{"start":{"line":91,"column":17},"end":{"line":98,"column":null}},"27":{"start":{"line":101,"column":1},"end":{"line":101,"column":58}},"28":{"start":{"line":102,"column":1},"end":{"line":102,"column":46}},"29":{"start":{"line":106,"column":17},"end":{"line":106,"column":29}},"30":{"start":{"line":107,"column":1},"end":{"line":107,"column":38}},"31":{"start":{"line":109,"column":2},"end":{"line":109,"column":17}},"32":{"start":{"line":110,"column":2},"end":{"line":110,"column":67}},"33":{"start":{"line":111,"column":2},"end":{"line":111,"column":27}},"34":{"start":{"line":112,"column":23},"end":{"line":112,"column":51}},"35":{"start":{"line":118,"column":18},"end":{"line":118,"column":81}},"36":{"start":{"line":118,"column":46},"end":{"line":118,"column":80}},"37":{"start":{"line":120,"column":2},"end":{"line":133,"column":5}},"38":{"start":{"line":122,"column":4},"end":{"line":122,"column":11}},"39":{"start":{"line":125,"column":4},"end":{"line":125,"column":54}},"40":{"start":{"line":128,"column":4},"end":{"line":128,"column":57}},"41":{"start":{"line":131,"column":4},"end":{"line":131,"column":53}},"42":{"start":{"line":138,"column":1},"end":{"line":138,"column":87}},"43":{"start":{"line":139,"column":1},"end":{"line":143,"column":4}},"44":{"start":{"line":147,"column":1},"end":{"line":160,"column":4}},"45":{"start":{"line":148,"column":16},"end":{"line":148,"column":36}},"46":{"start":{"line":150,"column":3},"end":{"line":150,"column":27}},"47":{"start":{"line":152,"column":2},"end":{"line":159,"column":5}},"48":{"start":{"line":153,"column":3},"end":{"line":158,"column":6}},"49":{"start":{"line":164,"column":13},"end":{"line":164,"column":53}},"50":{"start":{"line":165,"column":1},"end":{"line":165,"column":31}},"51":{"start":{"line":166,"column":1},"end":{"line":166,"column":27}},"52":{"start":{"line":167,"column":16},"end":{"line":167,"column":21}},"53":{"start":{"line":168,"column":1},"end":{"line":170,"column":4}},"54":{"start":{"line":169,"column":2},"end":{"line":169,"column":17}},"55":{"start":{"line":171,"column":1},"end":{"line":171,"column":15}},"56":{"start":{"line":162,"column":0},"end":{"line":162,"column":16}}},"fnMap":{"0":{"name":"registerPackage","decl":{"start":{"line":15,"column":9},"end":{"line":15,"column":24}},"loc":{"start":{"line":15,"column":103},"end":{"line":59,"column":1}}},"1":{"name":"(anonymous_1)","decl":{"start":{"line":40,"column":39},"end":{"line":40,"column":43}},"loc":{"start":{"line":40,"column":47},"end":{"line":40,"column":100}}},"2":{"name":"resolveStatement","decl":{"start":{"line":61,"column":9},"end":{"line":61,"column":25}},"loc":{"start":{"line":63,"column":26},"end":{"line":103,"column":1}}},"3":{"name":"processModule","decl":{"start":{"line":105,"column":9},"end":{"line":105,"column":22}},"loc":{"start":{"line":105,"column":48},"end":{"line":135,"column":1}}},"4":{"name":"(anonymous_4)","decl":{"start":{"line":118,"column":33},"end":{"line":118,"column":42}},"loc":{"start":{"line":118,"column":46},"end":{"line":118,"column":80}}},"5":{"name":"(anonymous_5)","decl":{"start":{"line":120,"column":18},"end":{"line":120,"column":22}},"loc":{"start":{"line":120,"column":25},"end":{"line":133,"column":3}}},"6":{"name":"parseDefaultPackage","decl":{"start":{"line":137,"column":9},"end":{"line":137,"column":28}},"loc":{"start":{"line":137,"column":55},"end":{"line":144,"column":1}}},"7":{"name":"assemblePackage","decl":{"start":{"line":146,"column":9},"end":{"line":146,"column":24}},"loc":{"start":{"line":146,"column":51},"end":{"line":161,"column":1}}},"8":{"name":"(anonymous_8)","decl":{"start":{"line":147,"column":30},"end":{"line":147,"column":33}},"loc":{"start":{"line":147,"column":36},"end":{"line":160,"column":2}}},"9":{"name":"(anonymous_9)","decl":{"start":{"line":152,"column":14},"end":{"line":152,"column":18}},"loc":{"start":{"line":152,"column":21},"end":{"line":159,"column":3}}},"10":{"name":"assemble","decl":{"start":{"line":162,"column":16},"end":{"line":162,"column":24}},"loc":{"start":{"line":162,"column":56},"end":{"line":172,"column":1}}},"11":{"name":"(anonymous_11)","decl":{"start":{"line":168,"column":57},"end":{"line":168,"column":58}},"loc":{"start":{"line":168,"column":61},"end":{"line":170,"column":2}}}},"branchMap":{"0":{"loc":{"start":{"line":28,"column":5},"end":{"line":28,"column":29}},"type":"binary-expr","locations":[{"start":{"line":28,"column":5},"end":{"line":28,"column":29}},{"start":{"line":28,"column":33},"end":{"line":28,"column":43}}]},"1":{"loc":{"start":{"line":55,"column":5},"end":{"line":55,"column":11}},"type":"binary-expr","locations":[{"start":{"line":55,"column":5},"end":{"line":55,"column":11}},{"start":{"line":55,"column":15},"end":{"line":55,"column":32}},{"start":{"line":55,"column":36},"end":{"line":55,"column":50}}]},"2":{"loc":{"start":{"line":74,"column":15},"end":{"line":74,"column":42}},"type":"binary-expr","locations":[{"start":{"line":74,"column":15},"end":{"line":74,"column":42}},{"start":{"line":74,"column":46},"end":{"line":74,"column":66}}]},"3":{"loc":{"start":{"line":80,"column":5},"end":{"line":80,"column":14}},"type":"binary-expr","locations":[{"start":{"line":80,"column":5},"end":{"line":80,"column":14}},{"start":{"line":80,"column":18},"end":{"line":80,"column":31}},{"start":{"line":80,"column":35},"end":{"line":80,"column":54}}]},"4":{"loc":{"start":{"line":130,"column":7},"end":{"line":130,"column":11}},"type":"binary-expr","locations":[{"start":{"line":130,"column":7},"end":{"line":130,"column":11}},{"start":{"line":130,"column":15},"end":{"line":130,"column":30}},{"start":{"line":130,"column":34},"end":{"line":130,"column":45}}]}},"s":{"0":1,"1":1,"2":1,"3":1,"4":1,"5":12,"6":12,"7":12,"8":12,"9":12,"10":12,"11":12,"12":7,"13":7,"14":5,"15":0,"16":5,"17":5,"18":5,"19":5,"20":12,"21":22,"22":22,"23":0,"24":12,"25":1,"26":9,"27":9,"28":9,"29":36,"30":36,"31":34,"32":34,"33":34,"34":34,"35":34,"36":22,"37":34,"38":0,"39":10,"40":12,"41":9,"42":15,"43":15,"44":15,"45":7,"46":2,"47":7,"48":7,"49":15,"50":15,"51":15,"52":15,"53":15,"54":12,"55":15,"56":1},"f":{"0":12,"1":0,"2":22,"3":36,"4":22,"5":22,"6":15,"7":15,"8":7,"9":7,"10":15,"11":12},"b":{"0":[12,7],"1":[12,12,12],"2":[22,8],"3":[22,22,22],"4":[22,22,21]}}
,"/Users/nc/work/fuse-box/fuse-box/src/core/assemble_context.ts": {"path":"/Users/nc/work/fuse-box/fuse-box/src/core/assemble_context.ts","statementMap":{"0":{"start":{"line":12,"column":1},"end":{"line":17,"column":3}},"1":{"start":{"line":11,"column":0},"end":{"line":11,"column":16}}},"fnMap":{"0":{"name":"assembleContext","decl":{"start":{"line":11,"column":16},"end":{"line":11,"column":31}},"loc":{"start":{"line":11,"column":44},"end":{"line":18,"column":1}}}},"branchMap":{},"s":{"0":24,"1":1},"f":{"0":24},"b":{}}
,"/Users/nc/work/fuse-box/fuse-box/src/core/config.ts": {"path":"/Users/nc/work/fuse-box/fuse-box/src/core/config.ts","statementMap":{"0":{"start":{"line":1,"column":0},"end":{"line":1,"column":41}},"1":{"start":{"line":2,"column":0},"end":{"line":2,"column":52}},"2":{"start":{"line":10,"column":1},"end":{"line":10,"column":42}},"3":{"start":{"line":13,"column":2},"end":{"line":13,"column":66}},"4":{"start":{"line":17,"column":2},"end":{"line":17,"column":33}},"5":{"start":{"line":21,"column":2},"end":{"line":21,"column":31}},"6":{"start":{"line":25,"column":2},"end":{"line":25,"column":31}},"7":{"start":{"line":29,"column":2},"end":{"line":29,"column":63}},"8":{"start":{"line":31,"column":1},"end":{"line":31,"column":15}},"9":{"start":{"line":5,"column":0},"end":{"line":5,"column":16}}},"fnMap":{"0":{"name":"createConfig","decl":{"start":{"line":5,"column":16},"end":{"line":5,"column":28}},"loc":{"start":{"line":5,"column":43},"end":{"line":32,"column":1}}}},"branchMap":{"0":{"loc":{"start":{"line":7,"column":8},"end":{"line":7,"column":28}},"type":"binary-expr","locations":[{"start":{"line":7,"column":8},"end":{"line":7,"column":28}},{"start":{"line":7,"column":32},"end":{"line":7,"column":44}}]}},"s":{"0":1,"1":1,"2":24,"3":24,"4":24,"5":0,"6":3,"7":0,"8":24,"9":1},"f":{"0":24},"b":{"0":[24,24]}}
,"/Users/nc/work/fuse-box/fuse-box/src/core/context.ts": {"path":"/Users/nc/work/fuse-box/fuse-box/src/core/context.ts","statementMap":{"0":{"start":{"line":2,"column":0},"end":{"line":2,"column":62}},"1":{"start":{"line":3,"column":17},"end":{"line":3,"column":36}},"2":{"start":{"line":4,"column":27},"end":{"line":4,"column":56}},"3":{"start":{"line":7,"column":8},"end":{"line":7,"column":29}},"4":{"start":{"line":8,"column":8},"end":{"line":8,"column":72}},"5":{"start":{"line":11,"column":0},"end":{"line":11,"column":26}},"6":{"start":{"line":13,"column":4},"end":{"line":13,"column":51}},"7":{"start":{"line":15,"column":0},"end":{"line":15,"column":38}}},"fnMap":{"0":{"name":"(anonymous_0)","decl":{"start":{"line":6,"column":4},"end":{"line":6,"column":5}},"loc":{"start":{"line":6,"column":24},"end":{"line":9,"column":5}},"line":6},"1":{"name":"createContext","decl":{"start":{"line":12,"column":9},"end":{"line":12,"column":22}},"loc":{"start":{"line":12,"column":28},"end":{"line":14,"column":1}},"line":12}},"branchMap":{},"s":{"0":1,"1":1,"2":1,"3":24,"4":24,"5":1,"6":24,"7":1},"f":{"0":24,"1":24},"b":{},"_coverageSchema":"43e27e138ebf9cfc5966b082cf9a028302ed4184","hash":"008a70e2b1a0c80bd80569b2c114a0c973705635"}
,"/Users/nc/work/fuse-box/fuse-box/src/logging/DocumentedError.ts": {"path":"/Users/nc/work/fuse-box/fuse-box/src/logging/DocumentedError.ts","statementMap":{"0":{"start":{"line":2,"column":20},"end":{"line":2,"column":32}},"1":{"start":{"line":2,"column":41},"end":{"line":2,"column":null}},"2":{"start":{"line":3,"column":2},"end":{"line":3,"column":90}},"3":{"start":{"line":1,"column":0},"end":{"line":1,"column":13}}},"fnMap":{"0":{"name":"(anonymous_0)","decl":{"start":{"line":2,"column":1},"end":{"line":2,"column":20}},"loc":{"start":{"line":2,"column":48},"end":{"line":4,"column":2}}}},"branchMap":{},"s":{"0":0,"1":0,"2":0,"3":3},"f":{"0":0},"b":{}}
,"/Users/nc/work/fuse-box/fuse-box/src/resolver/fileLookup.ts": {"path":"/Users/nc/work/fuse-box/fuse-box/src/resolver/fileLookup.ts","statementMap":{"0":{"start":{"line":1,"column":0},"end":{"line":1,"column":29}},"1":{"start":{"line":2,"column":0},"end":{"line":2,"column":25}},"2":{"start":{"line":3,"column":0},"end":{"line":3,"column":62}},"3":{"start":{"line":22,"column":19},"end":{"line":22,"column":44}},"4":{"start":{"line":23,"column":19},"end":{"line":23,"column":44}},"5":{"start":{"line":24,"column":25},"end":{"line":24,"column":55}},"6":{"start":{"line":25,"column":25},"end":{"line":25,"column":55}},"7":{"start":{"line":27,"column":22},"end":{"line":27,"column":37}},"8":{"start":{"line":28,"column":22},"end":{"line":28,"column":37}},"9":{"start":{"line":30,"column":28},"end":{"line":30,"column":64}},"10":{"start":{"line":31,"column":28},"end":{"line":31,"column":64}},"11":{"start":{"line":35,"column":20},"end":{"line":35,"column":30}},"12":{"start":{"line":36,"column":19},"end":{"line":36,"column":47}},"13":{"start":{"line":38,"column":3},"end":{"line":38,"column":19}},"14":{"start":{"line":45,"column":19},"end":{"line":45,"column":46}},"15":{"start":{"line":47,"column":3},"end":{"line":47,"column":19}},"16":{"start":{"line":54,"column":2},"end":{"line":54,"column":74}},"17":{"start":{"line":56,"column":16},"end":{"line":56,"column":102}},"18":{"start":{"line":57,"column":19},"end":{"line":57,"column":41}},"19":{"start":{"line":60,"column":2},"end":{"line":64,"column":4}},"20":{"start":{"line":68,"column":37},"end":{"line":68,"column":56}},"21":{"start":{"line":70,"column":2},"end":{"line":70,"column":39}},"22":{"start":{"line":73,"column":2},"end":{"line":73,"column":39}},"23":{"start":{"line":75,"column":20},"end":{"line":75,"column":59}},"24":{"start":{"line":77,"column":2},"end":{"line":81,"column":4}},"25":{"start":{"line":86,"column":16},"end":{"line":86,"column":39}},"26":{"start":{"line":88,"column":15},"end":{"line":88,"column":37}},"27":{"start":{"line":90,"column":3},"end":{"line":90,"column":22}},"28":{"start":{"line":91,"column":32},"end":{"line":91,"column":48}},"29":{"start":{"line":93,"column":4},"end":{"line":93,"column":31}},"30":{"start":{"line":96,"column":4},"end":{"line":96,"column":31}},"31":{"start":{"line":98,"column":26},"end":{"line":98,"column":55}},"32":{"start":{"line":100,"column":4},"end":{"line":105,"column":6}},"33":{"start":{"line":108,"column":23},"end":{"line":108,"column":58}},"34":{"start":{"line":110,"column":18},"end":{"line":110,"column":74}},"35":{"start":{"line":111,"column":22},"end":{"line":111,"column":48}},"36":{"start":{"line":112,"column":4},"end":{"line":118,"column":6}},"37":{"start":{"line":126,"column":21},"end":{"line":126,"column":55}},"38":{"start":{"line":128,"column":3},"end":{"line":133,"column":5}},"39":{"start":{"line":136,"column":1},"end":{"line":139,"column":3}},"40":{"start":{"line":52,"column":0},"end":{"line":52,"column":16}}},"fnMap":{"0":{"name":"tryIndexes","decl":{"start":{"line":33,"column":9},"end":{"line":33,"column":19}},"loc":{"start":{"line":33,"column":58},"end":{"line":41,"column":1}}},"1":{"name":"tryExtensions","decl":{"start":{"line":43,"column":9},"end":{"line":43,"column":22}},"loc":{"start":{"line":43,"column":64},"end":{"line":50,"column":1}}},"2":{"name":"fileLookup","decl":{"start":{"line":52,"column":16},"end":{"line":52,"column":26}},"loc":{"start":{"line":52,"column":46},"end":{"line":140,"column":1}}}},"branchMap":{"0":{"loc":{"start":{"line":53,"column":5},"end":{"line":53,"column":19}},"type":"binary-expr","locations":[{"start":{"line":53,"column":5},"end":{"line":53,"column":19}},{"start":{"line":53,"column":23},"end":{"line":53,"column":38}}]},"1":{"loc":{"start":{"line":56,"column":43},"end":{"line":56,"column":71}},"type":"cond-expr","locations":[{"start":{"line":56,"column":43},"end":{"line":56,"column":71}},{"start":{"line":56,"column":74},"end":{"line":56,"column":87}}]}},"s":{"0":5,"1":5,"2":5,"3":5,"4":5,"5":5,"6":5,"7":5,"8":5,"9":5,"10":5,"11":59,"12":59,"13":15,"14":200,"15":37,"16":0,"17":82,"18":82,"19":20,"20":62,"21":0,"22":0,"23":62,"24":36,"25":26,"26":22,"27":22,"28":22,"29":0,"30":0,"31":22,"32":15,"33":7,"34":7,"35":7,"36":7,"37":4,"38":1,"39":3,"40":5},"f":{"0":22,"1":66,"2":82},"b":{"0":[82,22],"1":[22,60]}}
,"/Users/nc/work/fuse-box/fuse-box/src/resolver/nodeModuleLookup.ts": {"path":"/Users/nc/work/fuse-box/fuse-box/src/resolver/nodeModuleLookup.ts","statementMap":{"0":{"start":{"line":1,"column":0},"end":{"line":1,"column":41}},"1":{"start":{"line":2,"column":0},"end":{"line":2,"column":25}},"2":{"start":{"line":3,"column":0},"end":{"line":3,"column":29}},"3":{"start":{"line":4,"column":0},"end":{"line":4,"column":61}},"4":{"start":{"line":5,"column":0},"end":{"line":5,"column":61}},"5":{"start":{"line":6,"column":0},"end":{"line":6,"column":42}},"6":{"start":{"line":8,"column":0},"end":{"line":8,"column":62}},"7":{"start":{"line":10,"column":29},"end":{"line":10,"column":68}},"8":{"start":{"line":12,"column":26},"end":{"line":12,"column":77}},"9":{"start":{"line":20,"column":17},"end":{"line":20,"column":46}},"10":{"start":{"line":22,"column":2},"end":{"line":22,"column":9}},"11":{"start":{"line":24,"column":20},"end":{"line":24,"column":56}},"12":{"start":{"line":25,"column":31},"end":{"line":25,"column":39}},"13":{"start":{"line":27,"column":2},"end":{"line":27,"column":31}},"14":{"start":{"line":29,"column":3},"end":{"line":29,"column":21}},"15":{"start":{"line":33,"column":3},"end":{"line":33,"column":39}},"16":{"start":{"line":36,"column":1},"end":{"line":36,"column":15}},"17":{"start":{"line":19,"column":0},"end":{"line":19,"column":16}},"18":{"start":{"line":40,"column":17},"end":{"line":40,"column":42}},"19":{"start":{"line":41,"column":15},"end":{"line":41,"column":17}},"20":{"start":{"line":42,"column":18},"end":{"line":42,"column":47}},"21":{"start":{"line":43,"column":15},"end":{"line":43,"column":17}},"22":{"start":{"line":45,"column":16},"end":{"line":45,"column":35}},"23":{"start":{"line":46,"column":15},"end":{"line":46,"column":16}},"24":{"start":{"line":47,"column":3},"end":{"line":47,"column":61}},"25":{"start":{"line":48,"column":3},"end":{"line":48,"column":23}},"26":{"start":{"line":50,"column":15},"end":{"line":50,"column":30}},"27":{"start":{"line":51,"column":22},"end":{"line":51,"column":49}},"28":{"start":{"line":53,"column":3},"end":{"line":53,"column":82}},"29":{"start":{"line":55,"column":2},"end":{"line":55,"column":15}},"30":{"start":{"line":57,"column":2},"end":{"line":57,"column":32}},"31":{"start":{"line":39,"column":0},"end":{"line":39,"column":16}},"32":{"start":{"line":65,"column":13},"end":{"line":65,"column":53}},"33":{"start":{"line":67,"column":4},"end":{"line":67,"column":13}},"34":{"start":{"line":71,"column":15},"end":{"line":71,"column":50}},"35":{"start":{"line":72,"column":14},"end":{"line":72,"column":30}},"36":{"start":{"line":73,"column":20},"end":{"line":73,"column":52}},"37":{"start":{"line":75,"column":3},"end":{"line":75,"column":20}},"38":{"start":{"line":61,"column":0},"end":{"line":61,"column":16}},"39":{"start":{"line":89,"column":16},"end":{"line":89,"column":47}},"40":{"start":{"line":90,"column":35},"end":{"line":90,"column":37}},"41":{"start":{"line":95,"column":1},"end":{"line":95,"column":19}},"42":{"start":{"line":98,"column":2},"end":{"line":98,"column":72}},"43":{"start":{"line":100,"column":25},"end":{"line":100,"column":58}},"44":{"start":{"line":102,"column":2},"end":{"line":102,"column":116}},"45":{"start":{"line":104,"column":14},"end":{"line":104,"column":38}},"46":{"start":{"line":105,"column":1},"end":{"line":105,"column":39}},"47":{"start":{"line":106,"column":1},"end":{"line":106,"column":28}},"48":{"start":{"line":107,"column":1},"end":{"line":107,"column":43}},"49":{"start":{"line":108,"column":1},"end":{"line":108,"column":26}},"50":{"start":{"line":111,"column":19},"end":{"line":111,"column":92}},"51":{"start":{"line":113,"column":21},"end":{"line":113,"column":71}},"52":{"start":{"line":115,"column":2},"end":{"line":115,"column":97}},"53":{"start":{"line":117,"column":1},"end":{"line":117,"column":40}},"54":{"start":{"line":118,"column":1},"end":{"line":118,"column":69}},"55":{"start":{"line":121,"column":23},"end":{"line":121,"column":77}},"56":{"start":{"line":123,"column":3},"end":{"line":123,"column":91}},"57":{"start":{"line":125,"column":2},"end":{"line":125,"column":46}},"58":{"start":{"line":127,"column":2},"end":{"line":127,"column":25}},"59":{"start":{"line":128,"column":2},"end":{"line":128,"column":75}},"60":{"start":{"line":130,"column":3},"end":{"line":130,"column":73}},"61":{"start":{"line":133,"column":2},"end":{"line":133,"column":24}},"62":{"start":{"line":135,"column":2},"end":{"line":135,"column":42}},"63":{"start":{"line":136,"column":2},"end":{"line":136,"column":50}},"64":{"start":{"line":138,"column":1},"end":{"line":138,"column":61}},"65":{"start":{"line":139,"column":1},"end":{"line":139,"column":15}},"66":{"start":{"line":88,"column":0},"end":{"line":88,"column":16}}},"fnMap":{"0":{"name":"isNodeModule","decl":{"start":{"line":19,"column":16},"end":{"line":19,"column":28}},"loc":{"start":{"line":19,"column":41},"end":{"line":37,"column":1}}},"1":{"name":"parseAllModulePaths","decl":{"start":{"line":39,"column":16},"end":{"line":39,"column":35}},"loc":{"start":{"line":39,"column":55},"end":{"line":59,"column":1}}},"2":{"name":"findTargetFolder","decl":{"start":{"line":61,"column":16},"end":{"line":61,"column":32}},"loc":{"start":{"line":61,"column":77},"end":{"line":78,"column":1}}},"3":{"name":"nodeModuleLookup","decl":{"start":{"line":88,"column":16},"end":{"line":88,"column":32}},"loc":{"start":{"line":88,"column":77},"end":{"line":140,"column":1}}}},"branchMap":{"0":{"loc":{"start":{"line":33,"column":23},"end":{"line":33,"column":34}},"type":"cond-expr","locations":[{"start":{"line":33,"column":23},"end":{"line":33,"column":34}},{"start":{"line":33,"column":37},"end":{"line":33,"column":38}}]},"1":{"loc":{"start":{"line":52,"column":6},"end":{"line":52,"column":17}},"type":"binary-expr","locations":[{"start":{"line":52,"column":6},"end":{"line":52,"column":17}},{"start":{"line":52,"column":21},"end":{"line":52,"column":35}}]},"2":{"loc":{"start":{"line":105,"column":15},"end":{"line":105,"column":27}},"type":"binary-expr","locations":[{"start":{"line":105,"column":15},"end":{"line":105,"column":27}},{"start":{"line":105,"column":31},"end":{"line":105,"column":38}}]}},"s":{"0":3,"1":3,"2":3,"3":3,"4":3,"5":3,"6":3,"7":3,"8":3,"9":56,"10":22,"11":34,"12":34,"13":3,"14":1,"15":11,"16":34,"17":3,"18":16,"19":16,"20":16,"21":16,"22":5,"23":5,"24":13,"25":13,"26":5,"27":5,"28":4,"29":5,"30":11,"31":3,"32":14,"33":14,"34":14,"35":14,"36":19,"37":14,"38":3,"39":23,"40":23,"41":23,"42":0,"43":23,"44":0,"45":23,"46":23,"47":23,"48":23,"49":23,"50":23,"51":23,"52":0,"53":23,"54":23,"55":9,"56":0,"57":9,"58":9,"59":9,"60":2,"61":14,"62":14,"63":14,"64":23,"65":23,"66":3},"f":{"0":56,"1":16,"2":28,"3":23},"b":{"0":[0,11],"1":[5,5],"2":[23,4]}}
,"/Users/nc/work/fuse-box/fuse-box/src/resolver/pathsLookup.ts": {"path":"/Users/nc/work/fuse-box/fuse-box/src/resolver/pathsLookup.ts","statementMap":{"0":{"start":{"line":1,"column":0},"end":{"line":1,"column":25}},"1":{"start":{"line":2,"column":0},"end":{"line":2,"column":57}},"2":{"start":{"line":14,"column":60},"end":{"line":14,"column":62}},"3":{"start":{"line":15,"column":57},"end":{"line":15,"column":59}},"4":{"start":{"line":18,"column":13},"end":{"line":18,"column":87}},"5":{"start":{"line":19,"column":1},"end":{"line":19,"column":30}},"6":{"start":{"line":31,"column":2},"end":{"line":31,"column":37}},"7":{"start":{"line":33,"column":30},"end":{"line":33,"column":32}},"8":{"start":{"line":35,"column":2},"end":{"line":43,"column":5}},"9":{"start":{"line":36,"column":14},"end":{"line":36,"column":28}},"10":{"start":{"line":37,"column":19},"end":{"line":37,"column":35}},"11":{"start":{"line":39,"column":21},"end":{"line":39,"column":31}},"12":{"start":{"line":40,"column":24},"end":{"line":40,"column":40}},"13":{"start":{"line":41,"column":4},"end":{"line":41,"column":65}},"14":{"start":{"line":41,"column":35},"end":{"line":41,"column":63}},"15":{"start":{"line":46,"column":2},"end":{"line":46,"column":36}},"16":{"start":{"line":49,"column":1},"end":{"line":49,"column":12}},"17":{"start":{"line":62,"column":3},"end":{"line":62,"column":46}},"18":{"start":{"line":64,"column":17},"end":{"line":64,"column":19}},"19":{"start":{"line":65,"column":3},"end":{"line":73,"column":6}},"20":{"start":{"line":67,"column":36},"end":{"line":67,"column":51}},"21":{"start":{"line":68,"column":5},"end":{"line":71,"column":8}},"22":{"start":{"line":74,"column":3},"end":{"line":74,"column":54}},"23":{"start":{"line":77,"column":1},"end":{"line":77,"column":19}},"24":{"start":{"line":84,"column":20},"end":{"line":84,"column":40}},"25":{"start":{"line":87,"column":16},"end":{"line":87,"column":29}},"26":{"start":{"line":89,"column":17},"end":{"line":89,"column":71}},"27":{"start":{"line":91,"column":19},"end":{"line":91,"column":79}},"28":{"start":{"line":93,"column":5},"end":{"line":93,"column":19}},"29":{"start":{"line":102,"column":15},"end":{"line":102,"column":34}},"30":{"start":{"line":104,"column":15},"end":{"line":104,"column":23}},"31":{"start":{"line":105,"column":22},"end":{"line":105,"column":40}},"32":{"start":{"line":108,"column":22},"end":{"line":108,"column":36}},"33":{"start":{"line":109,"column":19},"end":{"line":109,"column":76}},"34":{"start":{"line":111,"column":5},"end":{"line":111,"column":19}},"35":{"start":{"line":80,"column":0},"end":{"line":80,"column":16}}},"fnMap":{"0":{"name":"pathRegex","decl":{"start":{"line":17,"column":9},"end":{"line":17,"column":18}},"loc":{"start":{"line":17,"column":32},"end":{"line":20,"column":1}}},"1":{"name":"getPathsData","decl":{"start":{"line":29,"column":9},"end":{"line":29,"column":21}},"loc":{"start":{"line":29,"column":46},"end":{"line":50,"column":1}}},"2":{"name":"(anonymous_2)","decl":{"start":{"line":35,"column":11},"end":{"line":35,"column":12}},"loc":{"start":{"line":35,"column":30},"end":{"line":43,"column":3}}},"3":{"name":"(anonymous_3)","decl":{"start":{"line":41,"column":27},"end":{"line":41,"column":31}},"loc":{"start":{"line":41,"column":35},"end":{"line":41,"column":63}}},"4":{"name":"getIndexFiles","decl":{"start":{"line":58,"column":9},"end":{"line":58,"column":22}},"loc":{"start":{"line":58,"column":47},"end":{"line":78,"column":1}}},"5":{"name":"(anonymous_5)","decl":{"start":{"line":65,"column":41},"end":{"line":65,"column":45}},"loc":{"start":{"line":65,"column":48},"end":{"line":73,"column":4}}},"6":{"name":"pathsLookup","decl":{"start":{"line":80,"column":16},"end":{"line":80,"column":27}},"loc":{"start":{"line":80,"column":52},"end":{"line":116,"column":1}}}},"branchMap":{"0":{"loc":{"start":{"line":30,"column":5},"end":{"line":30,"column":32}},"type":"binary-expr","locations":[{"start":{"line":30,"column":5},"end":{"line":30,"column":32}},{"start":{"line":30,"column":36},"end":{"line":30,"column":52}}]},"1":{"loc":{"start":{"line":92,"column":8},"end":{"line":92,"column":14}},"type":"binary-expr","locations":[{"start":{"line":92,"column":8},"end":{"line":92,"column":14}},{"start":{"line":92,"column":18},"end":{"line":92,"column":35}}]},"2":{"loc":{"start":{"line":110,"column":8},"end":{"line":110,"column":14}},"type":"binary-expr","locations":[{"start":{"line":110,"column":8},"end":{"line":110,"column":14}},{"start":{"line":110,"column":18},"end":{"line":110,"column":35}}]}},"s":{"0":3,"1":3,"2":3,"3":3,"4":8,"5":8,"6":0,"7":9,"8":8,"9":8,"10":8,"11":8,"12":8,"13":8,"14":10,"15":0,"16":9,"17":12,"18":2,"19":2,"20":10,"21":10,"22":2,"23":14,"24":14,"25":56,"26":56,"27":5,"28":5,"29":9,"30":8,"31":8,"32":10,"33":10,"34":8,"35":3},"f":{"0":8,"1":9,"2":8,"3":10,"4":14,"5":12,"6":14},"b":{"0":[9,0],"1":[5,5],"2":[10,10]}}
,"/Users/nc/work/fuse-box/fuse-box/src/resolver/polyfills.ts": {"path":"/Users/nc/work/fuse-box/fuse-box/src/resolver/polyfills.ts","statementMap":{"0":{"start":{"line":1,"column":24},"end":{"line":23,"column":2}},"1":{"start":{"line":25,"column":26},"end":{"line":47,"column":2}},"2":{"start":{"line":49,"column":1},"end":{"line":49,"column":34}},"3":{"start":{"line":48,"column":0},"end":{"line":48,"column":16}},"4":{"start":{"line":53,"column":1},"end":{"line":53,"column":36}},"5":{"start":{"line":52,"column":0},"end":{"line":52,"column":16}}},"fnMap":{"0":{"name":"isServerPolyfill","decl":{"start":{"line":48,"column":16},"end":{"line":48,"column":32}},"loc":{"start":{"line":48,"column":45},"end":{"line":50,"column":1}}},"1":{"name":"isElectronPolyfill","decl":{"start":{"line":52,"column":16},"end":{"line":52,"column":34}},"loc":{"start":{"line":52,"column":47},"end":{"line":54,"column":1}}}},"branchMap":{},"s":{"0":2,"1":2,"2":3,"3":2,"4":3,"5":2},"f":{"0":3,"1":3},"b":{}}
,"/Users/nc/work/fuse-box/fuse-box/src/resolver/resolver.ts": {"path":"/Users/nc/work/fuse-box/fuse-box/src/resolver/resolver.ts","statementMap":{"0":{"start":{"line":1,"column":0},"end":{"line":1,"column":61}},"1":{"start":{"line":2,"column":0},"end":{"line":2,"column":57}},"2":{"start":{"line":3,"column":0},"end":{"line":3,"column":87}},"3":{"start":{"line":4,"column":0},"end":{"line":4,"column":44}},"4":{"start":{"line":5,"column":0},"end":{"line":5,"column":67}},"5":{"start":{"line":58,"column":2},"end":{"line":60,"column":4}},"6":{"start":{"line":70,"column":24},"end":{"line":70,"column":29}},"7":{"start":{"line":71,"column":14},"end":{"line":71,"column":26}},"8":{"start":{"line":73,"column":16},"end":{"line":73,"column":31}},"9":{"start":{"line":74,"column":16},"end":{"line":74,"column":32}},"10":{"start":{"line":76,"column":3},"end":{"line":76,"column":41}},"11":{"start":{"line":77,"column":3},"end":{"line":77,"column":45}},"12":{"start":{"line":80,"column":1},"end":{"line":80,"column":37}},"13":{"start":{"line":84,"column":18},"end":{"line":84,"column":41}},"14":{"start":{"line":86,"column":2},"end":{"line":86,"column":18}},"15":{"start":{"line":88,"column":24},"end":{"line":88,"column":55}},"16":{"start":{"line":89,"column":23},"end":{"line":89,"column":53}},"17":{"start":{"line":90,"column":25},"end":{"line":90,"column":57}},"18":{"start":{"line":91,"column":14},"end":{"line":91,"column":26}},"19":{"start":{"line":93,"column":24},"end":{"line":93,"column":29}},"20":{"start":{"line":100,"column":14},"end":{"line":100,"column":35}},"21":{"start":{"line":101,"column":2},"end":{"line":101,"column":42}},"22":{"start":{"line":102,"column":2},"end":{"line":102,"column":22}},"23":{"start":{"line":108,"column":30},"end":{"line":108,"column":69}},"24":{"start":{"line":111,"column":5},"end":{"line":111,"column":30}},"25":{"start":{"line":112,"column":5},"end":{"line":112,"column":33}},"26":{"start":{"line":115,"column":5},"end":{"line":115,"column":35}},"27":{"start":{"line":116,"column":5},"end":{"line":116,"column":29}},"28":{"start":{"line":125,"column":2},"end":{"line":131,"column":5}},"29":{"start":{"line":133,"column":3},"end":{"line":133,"column":27}},"30":{"start":{"line":139,"column":23},"end":{"line":139,"column":43}},"31":{"start":{"line":143,"column":4},"end":{"line":143,"column":26}},"32":{"start":{"line":146,"column":4},"end":{"line":146,"column":26}},"33":{"start":{"line":148,"column":15},"end":{"line":148,"column":52}},"34":{"start":{"line":149,"column":23},"end":{"line":149,"column":49}},"35":{"start":{"line":150,"column":3},"end":{"line":153,"column":5}},"36":{"start":{"line":155,"column":3},"end":{"line":155,"column":75}},"37":{"start":{"line":160,"column":2},"end":{"line":160,"column":9}},"38":{"start":{"line":163,"column":2},"end":{"line":163,"column":26}},"39":{"start":{"line":166,"column":19},"end":{"line":166,"column":41}},"40":{"start":{"line":167,"column":17},"end":{"line":167,"column":37}},"41":{"start":{"line":168,"column":21},"end":{"line":168,"column":86}},"42":{"start":{"line":169,"column":21},"end":{"line":169,"column":58}},"43":{"start":{"line":173,"column":3},"end":{"line":173,"column":64}},"44":{"start":{"line":175,"column":3},"end":{"line":175,"column":40}},"45":{"start":{"line":178,"column":1},"end":{"line":183,"column":3}},"46":{"start":{"line":83,"column":0},"end":{"line":83,"column":16}}},"fnMap":{"0":{"name":"isExternalModule","decl":{"start":{"line":56,"column":9},"end":{"line":56,"column":25}},"loc":{"start":{"line":56,"column":47},"end":{"line":62,"column":1}}},"1":{"name":"replaceAliases","decl":{"start":{"line":64,"column":9},"end":{"line":64,"column":23}},"loc":{"start":{"line":65,"column":22},"end":{"line":81,"column":1}}},"2":{"name":"resolveModule","decl":{"start":{"line":83,"column":16},"end":{"line":83,"column":29}},"loc":{"start":{"line":83,"column":51},"end":{"line":184,"column":1}}}},"branchMap":{"0":{"loc":{"start":{"line":106,"column":6},"end":{"line":106,"column":20}},"type":"binary-expr","locations":[{"start":{"line":106,"column":6},"end":{"line":106,"column":20}},{"start":{"line":106,"column":24},"end":{"line":106,"column":49}},{"start":{"line":106,"column":53},"end":{"line":106,"column":98}}]},"1":{"loc":{"start":{"line":142,"column":7},"end":{"line":142,"column":20}},"type":"binary-expr","locations":[{"start":{"line":142,"column":7},"end":{"line":142,"column":20}},{"start":{"line":142,"column":24},"end":{"line":142,"column":59}}]},"2":{"loc":{"start":{"line":145,"column":7},"end":{"line":145,"column":22}},"type":"binary-expr","locations":[{"start":{"line":145,"column":7},"end":{"line":145,"column":22}},{"start":{"line":145,"column":26},"end":{"line":145,"column":63}}]},"3":{"loc":{"start":{"line":149,"column":23},"end":{"line":149,"column":39}},"type":"binary-expr","locations":[{"start":{"line":149,"column":23},"end":{"line":149,"column":39}},{"start":{"line":149,"column":43},"end":{"line":149,"column":49}}]},"4":{"loc":{"start":{"line":151,"column":43},"end":{"line":151,"column":62}},"type":"cond-expr","locations":[{"start":{"line":151,"column":43},"end":{"line":151,"column":62}},{"start":{"line":151,"column":65},"end":{"line":151,"column":76}}]},"5":{"loc":{"start":{"line":168,"column":41},"end":{"line":168,"column":70}},"type":"cond-expr","locations":[{"start":{"line":168,"column":41},"end":{"line":168,"column":70}},{"start":{"line":168,"column":73},"end":{"line":168,"column":86}}]}},"s":{"0":2,"1":2,"2":2,"3":2,"4":2,"5":1,"6":5,"7":5,"8":5,"9":5,"10":4,"11":4,"12":1,"13":51,"14":1,"15":50,"16":50,"17":50,"18":50,"19":50,"20":5,"21":5,"22":5,"23":2,"24":1,"25":1,"26":1,"27":1,"28":3,"29":3,"30":47,"31":1,"32":1,"33":23,"34":23,"35":23,"36":22,"37":0,"38":4,"39":25,"40":25,"41":25,"42":25,"43":2,"44":6,"45":25,"46":2},"f":{"0":51,"1":5,"2":51},"b":{"0":[13,3,2],"1":[25,3],"2":[24,3],"3":[23,3],"4":[2,21],"5":[7,18]}}
,"/Users/nc/work/fuse-box/fuse-box/src/resolver/shared.ts": {"path":"/Users/nc/work/fuse-box/fuse-box/src/resolver/shared.ts","statementMap":{"0":{"start":{"line":3,"column":2},"end":{"line":3,"column":22}},"1":{"start":{"line":6,"column":2},"end":{"line":6,"column":21}},"2":{"start":{"line":9,"column":2},"end":{"line":9,"column":21}},"3":{"start":{"line":12,"column":2},"end":{"line":12,"column":29}},"4":{"start":{"line":14,"column":1},"end":{"line":14,"column":18}},"5":{"start":{"line":1,"column":0},"end":{"line":1,"column":16}}},"fnMap":{"0":{"name":"getFolderEntryPointFromPackageJSON","decl":{"start":{"line":1,"column":16},"end":{"line":1,"column":50}},"loc":{"start":{"line":1,"column":86},"end":{"line":15,"column":1}}}},"branchMap":{"0":{"loc":{"start":{"line":2,"column":5},"end":{"line":2,"column":17}},"type":"binary-expr","locations":[{"start":{"line":2,"column":5},"end":{"line":2,"column":17}},{"start":{"line":2,"column":21},"end":{"line":2,"column":44}},{"start":{"line":2,"column":48},"end":{"line":2,"column":80}}]}},"s":{"0":2,"1":0,"2":0,"3":0,"4":28,"5":5},"f":{"0":30},"b":{"0":[30,13,2]}}
,"/Users/nc/work/fuse-box/fuse-box/src/transform/acornUtils.ts": {"path":"/Users/nc/work/fuse-box/fuse-box/src/transform/acornUtils.ts","statementMap":{"0":{"start":{"line":4,"column":3},"end":{"line":4,"column":40}},"1":{"start":{"line":1,"column":0},"end":{"line":1,"column":16}},"2":{"start":{"line":12,"column":3},"end":{"line":12,"column":40}},"3":{"start":{"line":9,"column":0},"end":{"line":9,"column":16}},"4":{"start":{"line":18,"column":1},"end":{"line":18,"column":49}},"5":{"start":{"line":17,"column":0},"end":{"line":17,"column":16}},"6":{"start":{"line":22,"column":1},"end":{"line":22,"column":47}},"7":{"start":{"line":21,"column":0},"end":{"line":21,"column":16}},"8":{"start":{"line":26,"column":1},"end":{"line":26,"column":44}},"9":{"start":{"line":25,"column":0},"end":{"line":25,"column":16}},"10":{"start":{"line":29,"column":1},"end":{"line":29,"column":41}},"11":{"start":{"line":28,"column":0},"end":{"line":28,"column":16}},"12":{"start":{"line":47,"column":2},"end":{"line":50,"column":4}},"13":{"start":{"line":52,"column":1},"end":{"line":69,"column":3}},"14":{"start":{"line":31,"column":0},"end":{"line":31,"column":16}},"15":{"start":{"line":73,"column":1},"end":{"line":86,"column":3}},"16":{"start":{"line":72,"column":0},"end":{"line":72,"column":16}},"17":{"start":{"line":90,"column":1},"end":{"line":101,"column":3}},"18":{"start":{"line":89,"column":0},"end":{"line":89,"column":16}},"19":{"start":{"line":104,"column":1},"end":{"line":131,"column":3}},"20":{"start":{"line":103,"column":0},"end":{"line":103,"column":16}},"21":{"start":{"line":135,"column":1},"end":{"line":191,"column":3}},"22":{"start":{"line":134,"column":0},"end":{"line":134,"column":16}}},"fnMap":{"0":{"name":"getVariableDeclarations","decl":{"start":{"line":1,"column":16},"end":{"line":1,"column":39}},"loc":{"start":{"line":1,"column":44},"end":{"line":7,"column":1}}},"1":{"name":"getSpecifiers","decl":{"start":{"line":9,"column":16},"end":{"line":9,"column":29}},"loc":{"start":{"line":9,"column":34},"end":{"line":15,"column":1}}},"2":{"name":"isExportDefaultDeclaration","decl":{"start":{"line":17,"column":16},"end":{"line":17,"column":42}},"loc":{"start":{"line":17,"column":47},"end":{"line":19,"column":1}}},"3":{"name":"isExportNamedDeclaration","decl":{"start":{"line":21,"column":16},"end":{"line":21,"column":40}},"loc":{"start":{"line":21,"column":45},"end":{"line":23,"column":1}}},"4":{"name":"isFunctionDeclaration","decl":{"start":{"line":25,"column":16},"end":{"line":25,"column":37}},"loc":{"start":{"line":25,"column":42},"end":{"line":27,"column":1}}},"5":{"name":"isClassDeclaration","decl":{"start":{"line":28,"column":16},"end":{"line":28,"column":34}},"loc":{"start":{"line":28,"column":39},"end":{"line":30,"column":1}}},"6":{"name":"createRequireStatement","decl":{"start":{"line":31,"column":16},"end":{"line":31,"column":38}},"loc":{"start":{"line":31,"column":68},"end":{"line":70,"column":1}}},"7":{"name":"createLocalVariable","decl":{"start":{"line":72,"column":16},"end":{"line":72,"column":35}},"loc":{"start":{"line":72,"column":58},"end":{"line":87,"column":1}}},"8":{"name":"createMemberExpression","decl":{"start":{"line":89,"column":16},"end":{"line":89,"column":38}},"loc":{"start":{"line":89,"column":66},"end":{"line":102,"column":1}}},"9":{"name":"createModuleExports","decl":{"start":{"line":103,"column":16},"end":{"line":103,"column":35}},"loc":{"start":{"line":103,"column":65},"end":{"line":132,"column":1}}},"10":{"name":"createModuleExportsAssign","decl":{"start":{"line":134,"column":16},"end":{"line":134,"column":41}},"loc":{"start":{"line":134,"column":60},"end":{"line":192,"column":1}}}},"branchMap":{"0":{"loc":{"start":{"line":2,"column":5},"end":{"line":2,"column":21}},"type":"binary-expr","locations":[{"start":{"line":2,"column":5},"end":{"line":2,"column":21}},{"start":{"line":2,"column":25},"end":{"line":2,"column":72}}]},"1":{"loc":{"start":{"line":10,"column":5},"end":{"line":10,"column":21}},"type":"binary-expr","locations":[{"start":{"line":10,"column":5},"end":{"line":10,"column":21}},{"start":{"line":10,"column":25},"end":{"line":10,"column":72}}]}},"s":{"0":0,"1":1,"2":0,"3":1,"4":169,"5":1,"6":169,"7":1,"8":0,"9":1,"10":0,"11":1,"12":1,"13":14,"14":1,"15":11,"16":1,"17":14,"18":1,"19":22,"20":1,"21":1,"22":1},"f":{"0":0,"1":0,"2":169,"3":169,"4":0,"5":0,"6":15,"7":11,"8":14,"9":22,"10":1},"b":{"0":[0,0],"1":[0,0]}}
,"/Users/nc/work/fuse-box/fuse-box/src/transform/fastTransform.ts": {"path":"/Users/nc/work/fuse-box/fuse-box/src/transform/fastTransform.ts","statementMap":{"0":{"start":{"line":1,"column":0},"end":{"line":1,"column":31}},"1":{"start":{"line":2,"column":0},"end":{"line":2,"column":39}},"2":{"start":{"line":3,"column":0},"end":{"line":3,"column":39}},"3":{"start":{"line":4,"column":0},"end":{"line":4,"column":null}},"4":{"start":{"line":15,"column":1},"end":{"line":15,"column":25}},"5":{"start":{"line":16,"column":1},"end":{"line":21,"column":4}},"6":{"start":{"line":14,"column":0},"end":{"line":14,"column":16}},"7":{"start":{"line":40,"column":15},"end":{"line":40,"column":33}},"8":{"start":{"line":42,"column":3},"end":{"line":42,"column":70}},"9":{"start":{"line":44,"column":2},"end":{"line":49,"column":5}},"10":{"start":{"line":45,"column":3},"end":{"line":48,"column":6}},"11":{"start":{"line":52,"column":2},"end":{"line":54,"column":5}},"12":{"start":{"line":53,"column":3},"end":{"line":53,"column":89}},"13":{"start":{"line":57,"column":2},"end":{"line":57,"column":35}},"14":{"start":{"line":63,"column":15},"end":{"line":63,"column":36}},"15":{"start":{"line":66,"column":24},"end":{"line":66,"column":53}},"16":{"start":{"line":67,"column":3},"end":{"line":71,"column":6}},"17":{"start":{"line":69,"column":5},"end":{"line":69,"column":86}},"18":{"start":{"line":72,"column":3},"end":{"line":72,"column":37}},"19":{"start":{"line":73,"column":3},"end":{"line":73,"column":53}},"20":{"start":{"line":74,"column":3},"end":{"line":74,"column":37}},"21":{"start":{"line":75,"column":3},"end":{"line":75,"column":16}},"22":{"start":{"line":81,"column":17},"end":{"line":81,"column":41}},"23":{"start":{"line":84,"column":6},"end":{"line":84,"column":70}},"24":{"start":{"line":88,"column":3},"end":{"line":88,"column":16}},"25":{"start":{"line":92,"column":2},"end":{"line":92,"column":55}},"26":{"start":{"line":97,"column":16},"end":{"line":97,"column":33}},"27":{"start":{"line":98,"column":19},"end":{"line":98,"column":37}},"28":{"start":{"line":99,"column":62},"end":{"line":99,"column":64}},"29":{"start":{"line":108,"column":2},"end":{"line":108,"column":25}},"30":{"start":{"line":110,"column":1},"end":{"line":110,"column":30}},"31":{"start":{"line":111,"column":1},"end":{"line":132,"column":4}},"32":{"start":{"line":114,"column":3},"end":{"line":117,"column":6}},"33":{"start":{"line":119,"column":3},"end":{"line":122,"column":6}},"34":{"start":{"line":124,"column":3},"end":{"line":130,"column":6}},"35":{"start":{"line":136,"column":13},"end":{"line":136,"column":35}},"36":{"start":{"line":138,"column":17},"end":{"line":138,"column":18}},"37":{"start":{"line":139,"column":53},"end":{"line":139,"column":55}},"38":{"start":{"line":145,"column":4},"end":{"line":145,"column":18}},"39":{"start":{"line":147,"column":3},"end":{"line":147,"column":41}},"40":{"start":{"line":150,"column":3},"end":{"line":150,"column":35}},"41":{"start":{"line":153,"column":3},"end":{"line":153,"column":15}},"42":{"start":{"line":154,"column":3},"end":{"line":154,"column":32}},"43":{"start":{"line":159,"column":1},"end":{"line":183,"column":4}},"44":{"start":{"line":162,"column":33},"end":{"line":162,"column":77}},"45":{"start":{"line":163,"column":4},"end":{"line":163,"column":21}},"46":{"start":{"line":164,"column":4},"end":{"line":164,"column":33}},"47":{"start":{"line":165,"column":4},"end":{"line":165,"column":23}},"48":{"start":{"line":170,"column":6},"end":{"line":170,"column":75}},"49":{"start":{"line":176,"column":5},"end":{"line":176,"column":18}},"50":{"start":{"line":180,"column":4},"end":{"line":180,"column":54}},"51":{"start":{"line":184,"column":1},"end":{"line":201,"column":4}},"52":{"start":{"line":186,"column":16},"end":{"line":186,"column":38}},"53":{"start":{"line":187,"column":17},"end":{"line":187,"column":52}},"54":{"start":{"line":189,"column":4},"end":{"line":189,"column":87}},"55":{"start":{"line":191,"column":23},"end":{"line":191,"column":37}},"56":{"start":{"line":192,"column":5},"end":{"line":194,"column":8}},"57":{"start":{"line":193,"column":6},"end":{"line":193,"column":72}},"58":{"start":{"line":195,"column":5},"end":{"line":195,"column":35}},"59":{"start":{"line":199,"column":3},"end":{"line":199,"column":90}},"60":{"start":{"line":203,"column":1},"end":{"line":215,"column":4}},"61":{"start":{"line":204,"column":2},"end":{"line":214,"column":4}},"62":{"start":{"line":217,"column":1},"end":{"line":222,"column":4}},"63":{"start":{"line":218,"column":16},"end":{"line":218,"column":43}},"64":{"start":{"line":220,"column":3},"end":{"line":220,"column":29}},"65":{"start":{"line":224,"column":14},"end":{"line":224,"column":37}},"66":{"start":{"line":225,"column":1},"end":{"line":225,"column":13}},"67":{"start":{"line":135,"column":0},"end":{"line":135,"column":16}}},"fnMap":{"0":{"name":"acornParse","decl":{"start":{"line":14,"column":16},"end":{"line":14,"column":26}},"loc":{"start":{"line":14,"column":50},"end":{"line":22,"column":1}}},"1":{"name":"handleExportSpecifiers","decl":{"start":{"line":38,"column":9},"end":{"line":38,"column":31}},"loc":{"start":{"line":38,"column":65},"end":{"line":59,"column":1}}},"2":{"name":"(anonymous_2)","decl":{"start":{"line":44,"column":26},"end":{"line":44,"column":35}},"loc":{"start":{"line":44,"column":38},"end":{"line":49,"column":3}}},"3":{"name":"(anonymous_3)","decl":{"start":{"line":52,"column":26},"end":{"line":52,"column":35}},"loc":{"start":{"line":52,"column":38},"end":{"line":54,"column":3}}},"4":{"name":"exportNamedDeclaration","decl":{"start":{"line":61,"column":9},"end":{"line":61,"column":31}},"loc":{"start":{"line":61,"column":65},"end":{"line":94,"column":1}}},"5":{"name":"(anonymous_5)","decl":{"start":{"line":67,"column":20},"end":{"line":67,"column":31}},"loc":{"start":{"line":67,"column":34},"end":{"line":71,"column":4}}},"6":{"name":"onImportDeclaration","decl":{"start":{"line":96,"column":9},"end":{"line":96,"column":28}},"loc":{"start":{"line":96,"column":62},"end":{"line":134,"column":1}}},"7":{"name":"(anonymous_7)","decl":{"start":{"line":111,"column":25},"end":{"line":111,"column":34}},"loc":{"start":{"line":111,"column":37},"end":{"line":132,"column":2}}},"8":{"name":"fastTransform","decl":{"start":{"line":135,"column":16},"end":{"line":135,"column":29}},"loc":{"start":{"line":135,"column":101},"end":{"line":226,"column":1}}},"9":{"name":"(anonymous_9)","decl":{"start":{"line":143,"column":19},"end":{"line":143,"column":25}},"loc":{"start":{"line":143,"column":28},"end":{"line":148,"column":3}}},"10":{"name":"(anonymous_10)","decl":{"start":{"line":149,"column":12},"end":{"line":149,"column":13}},"loc":{"start":{"line":149,"column":26},"end":{"line":151,"column":3}}},"11":{"name":"(anonymous_11)","decl":{"start":{"line":152,"column":16},"end":{"line":152,"column":19}},"loc":{"start":{"line":152,"column":21},"end":{"line":155,"column":3}}},"12":{"name":"(anonymous_12)","decl":{"start":{"line":160,"column":10},"end":{"line":160,"column":11}},"loc":{"start":{"line":160,"column":38},"end":{"line":182,"column":3}}},"13":{"name":"(anonymous_13)","decl":{"start":{"line":184,"column":27},"end":{"line":184,"column":31}},"loc":{"start":{"line":184,"column":34},"end":{"line":201,"column":2}}},"14":{"name":"(anonymous_14)","decl":{"start":{"line":192,"column":33},"end":{"line":192,"column":41}},"loc":{"start":{"line":192,"column":44},"end":{"line":194,"column":6}}},"15":{"name":"(anonymous_15)","decl":{"start":{"line":203,"column":22},"end":{"line":203,"column":26}},"loc":{"start":{"line":203,"column":29},"end":{"line":215,"column":2}}},"16":{"name":"(anonymous_16)","decl":{"start":{"line":217,"column":21},"end":{"line":217,"column":25}},"loc":{"start":{"line":217,"column":28},"end":{"line":222,"column":2}}}},"branchMap":{"0":{"loc":{"start":{"line":15,"column":11},"end":{"line":15,"column":18}},"type":"binary-expr","locations":[{"start":{"line":15,"column":11},"end":{"line":15,"column":18}},{"start":{"line":15,"column":22},"end":{"line":15,"column":24}}]},"1":{"loc":{"start":{"line":56,"column":5},"end":{"line":56,"column":9}},"type":"binary-expr","locations":[{"start":{"line":56,"column":5},"end":{"line":56,"column":9}},{"start":{"line":56,"column":13},"end":{"line":56,"column":30}}]},"2":{"loc":{"start":{"line":68,"column":8},"end":{"line":68,"column":22}},"type":"binary-expr","locations":[{"start":{"line":68,"column":8},"end":{"line":68,"column":22}},{"start":{"line":68,"column":26},"end":{"line":68,"column":45}}]},"3":{"loc":{"start":{"line":79,"column":6},"end":{"line":79,"column":36}},"type":"binary-expr","locations":[{"start":{"line":79,"column":6},"end":{"line":79,"column":36}},{"start":{"line":79,"column":40},"end":{"line":79,"column":67}}]},"4":{"loc":{"start":{"line":82,"column":8},"end":{"line":82,"column":12}},"type":"binary-expr","locations":[{"start":{"line":82,"column":8},"end":{"line":82,"column":12}},{"start":{"line":82,"column":16},"end":{"line":82,"column":33}}]},"5":{"loc":{"start":{"line":91,"column":5},"end":{"line":91,"column":20}},"type":"binary-expr","locations":[{"start":{"line":91,"column":5},"end":{"line":91,"column":20}},{"start":{"line":91,"column":24},"end":{"line":91,"column":46}}]},"6":{"loc":{"start":{"line":168,"column":8},"end":{"line":168,"column":12}},"type":"binary-expr","locations":[{"start":{"line":168,"column":8},"end":{"line":168,"column":12}},{"start":{"line":168,"column":16},"end":{"line":168,"column":33}}]},"7":{"loc":{"start":{"line":212,"column":7},"end":{"line":212,"column":17}},"type":"cond-expr","locations":[{"start":{"line":212,"column":7},"end":{"line":212,"column":17}}]}},"s":{"0":1,"1":1,"2":1,"3":1,"4":29,"5":29,"6":1,"7":5,"8":5,"9":5,"10":6,"11":3,"12":5,"13":8,"14":5,"15":3,"16":3,"17":4,"18":3,"19":3,"20":3,"21":3,"22":2,"23":2,"24":2,"25":8,"26":10,"27":10,"28":10,"29":9,"30":10,"31":10,"32":5,"33":3,"34":3,"35":29,"36":29,"37":29,"38":12,"39":3,"40":8,"41":15,"42":15,"43":29,"44":1,"45":1,"46":1,"47":1,"48":5,"49":5,"50":10,"51":29,"52":10,"53":10,"54":10,"55":10,"56":10,"57":11,"58":10,"59":5,"60":29,"61":15,"62":29,"63":8,"64":8,"65":29,"66":29,"67":1},"f":{"0":29,"1":8,"2":6,"3":5,"4":13,"5":4,"6":10,"7":11,"8":29,"9":15,"10":8,"11":15,"12":169,"13":15,"14":11,"15":15,"16":8},"b":{"0":[29,29],"1":[8,8],"2":[4,4],"3":[2,1],"4":[2,2],"5":[8,8],"6":[5,5],"7":[6]}}
,"/Users/nc/work/fuse-box/fuse-box/src/utils/ast.ts": {"path":"/Users/nc/work/fuse-box/fuse-box/src/utils/ast.ts","statementMap":{"0":{"start":{"line":5,"column":1},"end":{"line":5,"column":25}},"1":{"start":{"line":8,"column":22},"end":{"line":8,"column":42}},"2":{"start":{"line":10,"column":13},"end":{"line":45,"column":2}},"3":{"start":{"line":12,"column":3},"end":{"line":12,"column":10}},"4":{"start":{"line":15,"column":3},"end":{"line":15,"column":10}},"5":{"start":{"line":18,"column":2},"end":{"line":18,"column":20}},"6":{"start":{"line":19,"column":2},"end":{"line":19,"column":18}},"7":{"start":{"line":20,"column":14},"end":{"line":20,"column":53}},"8":{"start":{"line":21,"column":2},"end":{"line":21,"column":23}},"9":{"start":{"line":24,"column":3},"end":{"line":24,"column":27}},"10":{"start":{"line":30,"column":5},"end":{"line":30,"column":14}},"11":{"start":{"line":32,"column":16},"end":{"line":32,"column":26}},"12":{"start":{"line":34,"column":18},"end":{"line":34,"column":19}},"13":{"start":{"line":35,"column":25},"end":{"line":35,"column":55}},"14":{"start":{"line":37,"column":7},"end":{"line":37,"column":26}},"15":{"start":{"line":41,"column":5},"end":{"line":41,"column":30}},"16":{"start":{"line":46,"column":1},"end":{"line":46,"column":19}},"17":{"start":{"line":1,"column":0},"end":{"line":1,"column":16}}},"fnMap":{"0":{"name":"walkAST","decl":{"start":{"line":1,"column":16},"end":{"line":1,"column":23}},"loc":{"start":{"line":3,"column":95},"end":{"line":47,"column":1}}},"1":{"name":"(anonymous_1)","decl":{"start":{"line":10,"column":13},"end":{"line":10,"column":14}},"loc":{"start":{"line":10,"column":43},"end":{"line":45,"column":2}}}},"branchMap":{"0":{"loc":{"start":{"line":5,"column":11},"end":{"line":5,"column":18}},"type":"binary-expr","locations":[{"start":{"line":5,"column":11},"end":{"line":5,"column":18}},{"start":{"line":5,"column":22},"end":{"line":5,"column":24}}]},"1":{"loc":{"start":{"line":11,"column":6},"end":{"line":11,"column":11}},"type":"binary-expr","locations":[{"start":{"line":11,"column":6},"end":{"line":11,"column":11}},{"start":{"line":11,"column":15},"end":{"line":11,"column":44}}]},"2":{"loc":{"start":{"line":23,"column":6},"end":{"line":23,"column":29}},"type":"binary-expr","locations":[{"start":{"line":23,"column":6},"end":{"line":23,"column":29}},{"start":{"line":23,"column":33},"end":{"line":23,"column":41}}]},"3":{"loc":{"start":{"line":29,"column":23},"end":{"line":29,"column":47}},"type":"cond-expr","locations":[{"start":{"line":29,"column":23},"end":{"line":29,"column":47}},{"start":{"line":29,"column":50},"end":{"line":29,"column":65}}]},"4":{"loc":{"start":{"line":36,"column":10},"end":{"line":36,"column":20}},"type":"binary-expr","locations":[{"start":{"line":36,"column":10},"end":{"line":36,"column":20}},{"start":{"line":36,"column":24},"end":{"line":36,"column":54}}]}},"s":{"0":29,"1":29,"2":29,"3":768,"4":10,"5":169,"6":169,"7":169,"8":169,"9":0,"10":328,"11":913,"12":57,"13":62,"14":0,"15":856,"16":29,"17":1},"f":{"0":29,"1":947},"b":{"0":[29,0],"1":[947,875],"2":[169,0],"3":[0,1241],"4":[62,0]}}
,"/Users/nc/work/fuse-box/fuse-box/src/utils/test_utils.ts": {"path":"/Users/nc/work/fuse-box/fuse-box/src/utils/test_utils.ts","statementMap":{"0":{"start":{"line":1,"column":0},"end":{"line":1,"column":31}},"1":{"start":{"line":2,"column":0},"end":{"line":2,"column":29}},"2":{"start":{"line":3,"column":0},"end":{"line":3,"column":41}},"3":{"start":{"line":4,"column":0},"end":{"line":4,"column":44}},"4":{"start":{"line":15,"column":0},"end":{"line":31,"column":3}},"5":{"start":{"line":17,"column":2},"end":{"line":17,"column":49}},"6":{"start":{"line":18,"column":2},"end":{"line":18,"column":49}},"7":{"start":{"line":19,"column":2},"end":{"line":23,"column":16}},"8":{"start":{"line":24,"column":14},"end":{"line":24,"column":38}},"9":{"start":{"line":25,"column":20},"end":{"line":25,"column":42}},"10":{"start":{"line":26,"column":2},"end":{"line":29,"column":4}},"11":{"start":{"line":28,"column":18},"end":{"line":28,"column":60}},"12":{"start":{"line":35,"column":18},"end":{"line":35,"column":29}},"13":{"start":{"line":36,"column":19},"end":{"line":36,"column":39}},"14":{"start":{"line":37,"column":2},"end":{"line":37,"column":43}},"15":{"start":{"line":38,"column":2},"end":{"line":38,"column":38}},"16":{"start":{"line":43,"column":1},"end":{"line":43,"column":25}},"17":{"start":{"line":42,"column":0},"end":{"line":42,"column":16}},"18":{"start":{"line":47,"column":21},"end":{"line":47,"column":66}},"19":{"start":{"line":49,"column":2},"end":{"line":49,"column":28}},"20":{"start":{"line":51,"column":1},"end":{"line":51,"column":31}},"21":{"start":{"line":52,"column":11},"end":{"line":52,"column":26}},"22":{"start":{"line":54,"column":1},"end":{"line":54,"column":36}},"23":{"start":{"line":55,"column":1},"end":{"line":55,"column":53}},"24":{"start":{"line":57,"column":1},"end":{"line":57,"column":33}},"25":{"start":{"line":58,"column":1},"end":{"line":58,"column":20}},"26":{"start":{"line":46,"column":0},"end":{"line":46,"column":16}}},"fnMap":{"0":{"name":"(anonymous_0)","decl":{"start":{"line":16,"column":1},"end":{"line":16,"column":16}},"loc":{"start":{"line":16,"column":43},"end":{"line":30,"column":2}}},"1":{"name":"(anonymous_1)","decl":{"start":{"line":28,"column":12},"end":{"line":28,"column":15}},"loc":{"start":{"line":28,"column":18},"end":{"line":28,"column":60}}},"2":{"name":"createFiles","decl":{"start":{"line":33,"column":9},"end":{"line":33,"column":20}},"loc":{"start":{"line":33,"column":44},"end":{"line":40,"column":1}}},"3":{"name":"removeFolder","decl":{"start":{"line":42,"column":16},"end":{"line":42,"column":28}},"loc":{"start":{"line":42,"column":37},"end":{"line":44,"column":1}}},"4":{"name":"createRealNodeModule","decl":{"start":{"line":46,"column":16},"end":{"line":46,"column":36}},"loc":{"start":{"line":46,"column":96},"end":{"line":59,"column":1}}}},"branchMap":{},"s":{"0":5,"1":5,"2":5,"3":5,"4":5,"5":70,"6":70,"7":70,"8":70,"9":70,"10":70,"11":0,"12":14,"13":14,"14":14,"15":14,"16":2,"17":5,"18":2,"19":2,"20":2,"21":2,"22":2,"23":2,"24":2,"25":2,"26":5},"f":{"0":70,"1":0,"2":2,"3":2,"4":2},"b":{}}
,"/Users/nc/work/fuse-box/fuse-box/src/utils/utils.ts": {"path":"/Users/nc/work/fuse-box/fuse-box/src/utils/utils.ts","statementMap":{"0":{"start":{"line":1,"column":0},"end":{"line":1,"column":25}},"1":{"start":{"line":2,"column":0},"end":{"line":2,"column":36}},"2":{"start":{"line":3,"column":0},"end":{"line":3,"column":29}},"3":{"start":{"line":5,"column":21},"end":{"line":5,"column":46}},"4":{"start":{"line":9,"column":2},"end":{"line":9,"column":32}},"5":{"start":{"line":11,"column":1},"end":{"line":11,"column":40}},"6":{"start":{"line":13,"column":12},"end":{"line":13,"column":28}},"7":{"start":{"line":14,"column":1},"end":{"line":14,"column":28}},"8":{"start":{"line":15,"column":1},"end":{"line":15,"column":11}},"9":{"start":{"line":7,"column":0},"end":{"line":7,"column":16}},"10":{"start":{"line":19,"column":11},"end":{"line":19,"column":28}},"11":{"start":{"line":21,"column":2},"end":{"line":21,"column":31}},"12":{"start":{"line":24,"column":2},"end":{"line":24,"column":32}},"13":{"start":{"line":26,"column":1},"end":{"line":26,"column":12}},"14":{"start":{"line":18,"column":0},"end":{"line":18,"column":16}},"15":{"start":{"line":31,"column":2},"end":{"line":31,"column":15}},"16":{"start":{"line":35,"column":2},"end":{"line":35,"column":15}},"17":{"start":{"line":38,"column":2},"end":{"line":38,"column":45}},"18":{"start":{"line":40,"column":2},"end":{"line":40,"column":21}},"19":{"start":{"line":29,"column":0},"end":{"line":29,"column":16}},"20":{"start":{"line":45,"column":1},"end":{"line":45,"column":38}},"21":{"start":{"line":46,"column":1},"end":{"line":46,"column":44}},"22":{"start":{"line":47,"column":14},"end":{"line":47,"column":45}},"23":{"start":{"line":49,"column":2},"end":{"line":49,"column":27}},"24":{"start":{"line":51,"column":1},"end":{"line":51,"column":15}},"25":{"start":{"line":44,"column":0},"end":{"line":44,"column":16}},"26":{"start":{"line":55,"column":1},"end":{"line":55,"column":28}},"27":{"start":{"line":54,"column":0},"end":{"line":54,"column":16}},"28":{"start":{"line":59,"column":1},"end":{"line":59,"column":41}},"29":{"start":{"line":58,"column":0},"end":{"line":58,"column":16}},"30":{"start":{"line":62,"column":1},"end":{"line":62,"column":27}},"31":{"start":{"line":61,"column":0},"end":{"line":61,"column":16}},"32":{"start":{"line":66,"column":1},"end":{"line":66,"column":28}},"33":{"start":{"line":67,"column":1},"end":{"line":67,"column":12}},"34":{"start":{"line":65,"column":0},"end":{"line":65,"column":16}},"35":{"start":{"line":70,"column":1},"end":{"line":70,"column":79}},"36":{"start":{"line":69,"column":0},"end":{"line":69,"column":16}},"37":{"start":{"line":75,"column":2},"end":{"line":75,"column":39}},"38":{"start":{"line":77,"column":1},"end":{"line":77,"column":37}},"39":{"start":{"line":78,"column":11},"end":{"line":78,"column":33}},"40":{"start":{"line":80,"column":1},"end":{"line":80,"column":28}},"41":{"start":{"line":81,"column":1},"end":{"line":81,"column":17}},"42":{"start":{"line":73,"column":0},"end":{"line":73,"column":16}},"43":{"start":{"line":86,"column":2},"end":{"line":86,"column":35}},"44":{"start":{"line":88,"column":1},"end":{"line":88,"column":17}},"45":{"start":{"line":84,"column":0},"end":{"line":84,"column":16}},"46":{"start":{"line":92,"column":1},"end":{"line":92,"column":53}},"47":{"start":{"line":91,"column":0},"end":{"line":91,"column":16}},"48":{"start":{"line":96,"column":24},"end":{"line":96,"column":46}},"49":{"start":{"line":97,"column":18},"end":{"line":99,"column":65}},"50":{"start":{"line":100,"column":1},"end":{"line":100,"column":38}},"51":{"start":{"line":95,"column":0},"end":{"line":95,"column":16}}},"fnMap":{"0":{"name":"path2Regex","decl":{"start":{"line":7,"column":16},"end":{"line":7,"column":26}},"loc":{"start":{"line":7,"column":39},"end":{"line":16,"column":1}}},"1":{"name":"ensurePublicExtension","decl":{"start":{"line":18,"column":16},"end":{"line":18,"column":37}},"loc":{"start":{"line":18,"column":49},"end":{"line":27,"column":1}}},"2":{"name":"replaceExt","decl":{"start":{"line":29,"column":16},"end":{"line":29,"column":26}},"loc":{"start":{"line":29,"column":37},"end":{"line":42,"column":1}}},"3":{"name":"extractFuseBoxPath","decl":{"start":{"line":44,"column":16},"end":{"line":44,"column":34}},"loc":{"start":{"line":44,"column":70},"end":{"line":52,"column":1}}},"4":{"name":"fileExists","decl":{"start":{"line":54,"column":16},"end":{"line":54,"column":26}},"loc":{"start":{"line":54,"column":39},"end":{"line":56,"column":1}}},"5":{"name":"readFile","decl":{"start":{"line":58,"column":16},"end":{"line":58,"column":24}},"loc":{"start":{"line":58,"column":37},"end":{"line":60,"column":1}}},"6":{"name":"getExtension","decl":{"start":{"line":61,"column":16},"end":{"line":61,"column":28}},"loc":{"start":{"line":61,"column":41},"end":{"line":63,"column":1}}},"7":{"name":"ensureDir","decl":{"start":{"line":65,"column":16},"end":{"line":65,"column":25}},"loc":{"start":{"line":65,"column":37},"end":{"line":68,"column":1}}},"8":{"name":"makeFuseBoxPath","decl":{"start":{"line":69,"column":16},"end":{"line":69,"column":31}},"loc":{"start":{"line":69,"column":64},"end":{"line":71,"column":1}}},"9":{"name":"ensureUserPath","decl":{"start":{"line":73,"column":16},"end":{"line":73,"column":30}},"loc":{"start":{"line":73,"column":62},"end":{"line":82,"column":1}}},"10":{"name":"ensureAbsolutePath","decl":{"start":{"line":84,"column":16},"end":{"line":84,"column":34}},"loc":{"start":{"line":84,"column":65},"end":{"line":89,"column":1}}},"11":{"name":"ensureFuseBoxPath","decl":{"start":{"line":91,"column":16},"end":{"line":91,"column":33}},"loc":{"start":{"line":91,"column":47},"end":{"line":93,"column":1}}},"12":{"name":"joinFuseBoxPath","decl":{"start":{"line":95,"column":16},"end":{"line":95,"column":31}},"loc":{"start":{"line":95,"column":38},"end":{"line":101,"column":1}}}},"branchMap":{"0":{"loc":{"start":{"line":70,"column":8},"end":{"line":70,"column":15}},"type":"binary-expr","locations":[{"start":{"line":70,"column":8},"end":{"line":70,"column":15}},{"start":{"line":70,"column":19},"end":{"line":70,"column":78}}]},"1":{"loc":{"start":{"line":98,"column":4},"end":{"line":98,"column":21}},"type":"cond-expr","locations":[{"start":{"line":98,"column":4},"end":{"line":98,"column":21}},{"start":{"line":99,"column":4},"end":{"line":99,"column":65}}]}},"s":{"0":5,"1":5,"2":5,"3":5,"4":1,"5":4,"6":4,"7":4,"8":4,"9":5,"10":72,"11":18,"12":4,"13":72,"14":5,"15":0,"16":0,"17":22,"18":0,"19":5,"20":72,"21":72,"22":72,"23":72,"24":72,"25":5,"26":42,"27":5,"28":34,"29":5,"30":15,"31":5,"32":7,"33":7,"34":5,"35":72,"36":5,"37":0,"38":0,"39":0,"40":0,"41":0,"42":5,"43":15,"44":24,"45":5,"46":284,"47":5,"48":0,"49":0,"50":0,"51":5},"f":{"0":5,"1":72,"2":22,"3":72,"4":42,"5":34,"6":15,"7":7,"8":72,"9":0,"10":39,"11":284,"12":0},"b":{"0":[72,72],"1":[0,0]}}
}
