TN:
SF:/Users/nc/work/fuse-box/fuse-box/src/analysis/fastAnalysis.ts
FN:37,fastAnalysis
FN:46,(anonymous_1)
FNF:2
FNH:2
FNDA:70,fastAnalysis
FNDA:85,(anonymous_1)
DA:1,2
DA:37,2
DA:45,70
DA:46,70
DA:48,15
DA:51,23
DA:52,23
DA:55,11
DA:58,6
DA:61,19
DA:64,11
DA:69,70
LF:12
LH:12
BRDA:47,0,0,85
BRDA:47,0,1,73
BRDA:50,1,0,70
BRDA:50,1,1,55
BRF:4
BRH:4
end_of_record
TN:
SF:/Users/nc/work/fuse-box/fuse-box/src/analysis/tokenizer.ts
FN:33,tokenize
FNF:1
FNH:1
FNDA:70,tokenize
DA:26,2
DA:28,12
DA:31,2
DA:33,2
DA:36,85
LF:5
LH:5
BRDA:37,0,0,85
BRDA:37,0,1,15
BRDA:38,1,0,85
BRDA:38,1,1,15
BRF:4
BRH:4
end_of_record
TN:
SF:/Users/nc/work/fuse-box/fuse-box/src/analysis/tsParser.ts
FN:12,createSourceFile
FN:16,getImports
FN:21,(anonymous_2)
FN:43,isRequireCall
FN:56,isImportCall
FNF:5
FNH:5
FNDA:36,createSourceFile
FNDA:36,getImports
FNDA:207,(anonymous_2)
FNDA:206,isRequireCall
FNDA:193,isImportCall
DA:1,1
DA:12,1
DA:13,36
DA:16,1
DA:17,36
DA:18,36
DA:19,36
DA:21,36
DA:23,1
DA:25,11
DA:27,2
DA:29,11
DA:32,207
DA:34,36
DA:36,36
DA:43,1
DA:44,206
DA:46,26
DA:49,15
DA:51,11
DA:53,11
DA:56,1
DA:61,11
DA:62,11
DA:63,11
DA:65,182
LF:26
LH:26
BRDA:22,0,0,207
BRDA:22,0,1,1
BRDA:26,1,0,195
BRDA:26,1,1,2
BRDA:44,2,0,180
BRDA:44,2,1,26
BRDA:48,3,0,26
BRDA:48,3,1,13
BRDA:51,4,0,0
BRDA:51,4,1,11
BRDA:58,5,0,193
BRDA:58,5,1,15
BRDA:62,6,0,0
BRDA:62,6,1,11
BRF:14
BRH:12
end_of_record
TN:
SF:/Users/nc/work/fuse-box/fuse-box/src/cache/adapters.ts
FN:4,(anonymous_0)
FN:16,(anonymous_1)
FN:27,(anonymous_2)
FN:31,(anonymous_3)
FN:36,(anonymous_4)
FN:39,getMemoryAdapter
FNF:6
FNH:5
FNDA:4,(anonymous_0)
FNDA:8,(anonymous_1)
FNDA:9,(anonymous_2)
FNDA:4,(anonymous_3)
FNDA:0,(anonymous_4)
FNDA:4,getMemoryAdapter
DA:3,2
DA:5,4
DA:17,8
DA:28,9
DA:32,4
DA:33,4
DA:34,4
DA:39,2
DA:40,4
LF:9
LH:9
BRDA:32,0,0,4
BRDA:32,0,1,2
BRF:2
BRH:2
end_of_record
TN:
SF:/Users/nc/work/fuse-box/fuse-box/src/cache/cache.ts
FN:10,getPackageCacheKey
FN:15,(anonymous_1)
FN:19,(anonymous_2)
FN:24,(anonymous_3)
FN:32,(anonymous_4)
FN:74,(anonymous_5)
FN:85,getTree
FN:93,getCache
FNF:8
FNH:8
FNDA:9,getPackageCacheKey
FNDA:1,(anonymous_1)
FNDA:6,(anonymous_2)
FNDA:3,(anonymous_3)
FNDA:4,(anonymous_4)
FNDA:1,(anonymous_5)
FNDA:4,getTree
FNDA:1,getCache
DA:10,1
DA:11,9
DA:13,1
DA:15,1
DA:16,1
DA:20,6
DA:21,6
DA:25,3
DA:26,3
DA:27,3
DA:28,3
DA:29,3
DA:33,4
DA:35,4
DA:38,0
DA:40,4
DA:43,4
DA:45,1
DA:49,3
DA:52,1
DA:56,2
DA:59,1
DA:60,1
DA:63,0
DA:66,1
DA:69,2
DA:74,2
DA:75,1
DA:81,2
DA:85,1
DA:86,4
DA:88,2
DA:90,4
DA:93,1
DA:94,1
LF:35
LH:33
BRDA:21,0,0,6
BRDA:21,0,1,6
BRDA:25,1,0,3
BRDA:25,1,1,3
BRDA:43,2,0,4
BRDA:43,2,1,0
BRF:6
BRH:5
end_of_record
TN:
SF:/Users/nc/work/fuse-box/fuse-box/src/core/Module.ts
FN:23,(anonymous_0)
FN:30,(anonymous_1)
FN:34,(anonymous_2)
FN:39,(anonymous_3)
FN:44,createModule
FNF:5
FNH:4
FNDA:36,(anonymous_0)
FNDA:0,(anonymous_1)
FNDA:34,(anonymous_2)
FNDA:36,(anonymous_3)
FNDA:21,createModule
DA:3,1
DA:6,1
DA:14,1
DA:23,36
DA:24,36
DA:25,36
DA:26,36
DA:27,36
DA:31,0
DA:35,34
DA:36,34
DA:40,36
DA:44,1
DA:45,21
LF:14
LH:13
BRF:0
BRH:0
end_of_record
TN:
SF:/Users/nc/work/fuse-box/fuse-box/src/core/Package.ts
FN:18,(anonymous_0)
FN:24,(anonymous_1)
FN:29,createPackage
FNF:3
FNH:3
FNDA:27,(anonymous_0)
FNDA:15,(anonymous_1)
FNDA:12,createPackage
DA:9,1
DA:18,27
DA:19,27
DA:20,27
DA:21,27
DA:25,15
DA:29,1
DA:30,12
LF:8
LH:8
BRF:0
BRH:0
end_of_record
TN:
SF:/Users/nc/work/fuse-box/fuse-box/src/core/application.ts
FN:6,createApplicationPackage
FN:24,createDefaultPackage
FNF:2
FNH:2
FNDA:15,createApplicationPackage
FNDA:15,createDefaultPackage
DA:1,1
DA:3,1
DA:4,1
DA:6,1
DA:7,15
DA:8,15
DA:9,15
DA:10,15
DA:11,15
DA:20,15
DA:21,15
DA:24,1
DA:31,15
DA:32,15
DA:33,15
LF:15
LH:15
BRF:0
BRH:0
end_of_record
TN:
SF:/Users/nc/work/fuse-box/fuse-box/src/core/assemble.ts
FN:15,registerPackage
FN:40,(anonymous_1)
FN:61,resolveStatement
FN:105,processModule
FN:118,(anonymous_4)
FN:120,(anonymous_5)
FN:137,parseDefaultPackage
FN:146,assemblePackage
FN:147,(anonymous_8)
FN:152,(anonymous_9)
FN:162,assemble
FN:168,(anonymous_11)
FNF:12
FNH:11
FNDA:12,registerPackage
FNDA:0,(anonymous_1)
FNDA:22,resolveStatement
FNDA:36,processModule
FNDA:22,(anonymous_4)
FNDA:22,(anonymous_5)
FNDA:15,parseDefaultPackage
FNDA:15,assemblePackage
FNDA:7,(anonymous_8)
FNDA:7,(anonymous_9)
FNDA:15,assemble
FNDA:12,(anonymous_11)
DA:1,1
DA:2,1
DA:3,1
DA:5,1
DA:6,1
DA:16,12
DA:17,12
DA:18,12
DA:19,12
DA:21,12
DA:22,12
DA:25,12
DA:29,7
DA:38,7
DA:40,5
DA:42,5
DA:51,5
DA:53,5
DA:56,5
DA:58,12
DA:69,22
DA:71,22
DA:81,0
DA:84,12
DA:89,1
DA:91,9
DA:101,9
DA:102,9
DA:106,36
DA:107,36
DA:109,34
DA:110,34
DA:111,34
DA:112,34
DA:118,34
DA:120,34
DA:122,0
DA:125,10
DA:128,12
DA:131,9
DA:138,15
DA:139,15
DA:147,15
DA:148,7
DA:150,2
DA:152,7
DA:153,7
DA:162,1
DA:164,15
DA:165,15
DA:166,15
DA:167,15
DA:168,15
DA:169,12
DA:171,15
LF:55
LH:53
BRDA:28,0,0,12
BRDA:28,0,1,7
BRDA:55,1,0,12
BRDA:55,1,1,12
BRDA:55,1,2,12
BRDA:74,2,0,22
BRDA:74,2,1,8
BRDA:80,3,0,22
BRDA:80,3,1,22
BRDA:80,3,2,22
BRDA:130,4,0,22
BRDA:130,4,1,22
BRDA:130,4,2,21
BRF:13
BRH:13
end_of_record
TN:
SF:/Users/nc/work/fuse-box/fuse-box/src/core/assemble_context.ts
FN:11,assembleContext
FNF:1
FNH:1
FNDA:24,assembleContext
DA:11,1
DA:12,24
LF:2
LH:2
BRF:0
BRH:0
end_of_record
TN:
SF:/Users/nc/work/fuse-box/fuse-box/src/core/config.ts
FN:5,createConfig
FNF:1
FNH:1
FNDA:24,createConfig
DA:1,1
DA:2,1
DA:5,1
DA:10,24
DA:13,24
DA:17,24
DA:21,0
DA:25,3
DA:29,0
DA:31,24
LF:10
LH:8
BRDA:7,0,0,24
BRDA:7,0,1,24
BRF:2
BRH:2
end_of_record
TN:
SF:/Users/nc/work/fuse-box/fuse-box/src/core/context.ts
FN:6,(anonymous_0)
FN:12,createContext
FNF:2
FNH:2
FNDA:24,(anonymous_0)
FNDA:24,createContext
DA:2,1
DA:3,1
DA:4,1
DA:7,24
DA:8,24
DA:11,1
DA:13,24
DA:15,1
LF:8
LH:8
BRF:0
BRH:0
end_of_record
TN:
SF:/Users/nc/work/fuse-box/fuse-box/src/logging/DocumentedError.ts
FN:2,(anonymous_0)
FNF:1
FNH:0
FNDA:0,(anonymous_0)
DA:1,3
DA:2,0
DA:3,0
LF:3
LH:1
BRF:0
BRH:0
end_of_record
TN:
SF:/Users/nc/work/fuse-box/fuse-box/src/resolver/fileLookup.ts
FN:33,tryIndexes
FN:43,tryExtensions
FN:52,fileLookup
FNF:3
FNH:3
FNDA:22,tryIndexes
FNDA:66,tryExtensions
FNDA:82,fileLookup
DA:1,5
DA:2,5
DA:3,5
DA:22,5
DA:23,5
DA:24,5
DA:25,5
DA:27,5
DA:28,5
DA:30,5
DA:31,5
DA:35,59
DA:36,59
DA:38,15
DA:45,200
DA:47,37
DA:52,5
DA:54,0
DA:56,82
DA:57,82
DA:60,20
DA:68,62
DA:70,0
DA:73,0
DA:75,62
DA:77,36
DA:86,26
DA:88,22
DA:90,22
DA:91,22
DA:93,0
DA:96,0
DA:98,22
DA:100,15
DA:108,7
DA:110,7
DA:111,7
DA:112,7
DA:126,4
DA:128,1
DA:136,3
LF:41
LH:36
BRDA:53,0,0,82
BRDA:53,0,1,22
BRDA:56,1,0,22
BRDA:56,1,1,60
BRF:4
BRH:4
end_of_record
TN:
SF:/Users/nc/work/fuse-box/fuse-box/src/resolver/nodeModuleLookup.ts
FN:19,isNodeModule
FN:39,parseAllModulePaths
FN:61,findTargetFolder
FN:88,nodeModuleLookup
FNF:4
FNH:4
FNDA:56,isNodeModule
FNDA:16,parseAllModulePaths
FNDA:28,findTargetFolder
FNDA:23,nodeModuleLookup
DA:1,3
DA:2,3
DA:3,3
DA:4,3
DA:5,3
DA:6,3
DA:8,3
DA:10,3
DA:12,3
DA:19,3
DA:20,56
DA:22,22
DA:24,34
DA:25,34
DA:27,3
DA:29,1
DA:33,11
DA:36,34
DA:39,3
DA:40,16
DA:41,16
DA:42,16
DA:43,16
DA:45,5
DA:46,5
DA:47,13
DA:48,13
DA:50,5
DA:51,5
DA:53,4
DA:55,5
DA:57,11
DA:61,3
DA:65,14
DA:67,14
DA:71,14
DA:72,14
DA:73,19
DA:75,14
DA:88,3
DA:89,23
DA:90,23
DA:95,23
DA:98,0
DA:100,23
DA:102,0
DA:104,23
DA:105,23
DA:106,23
DA:107,23
DA:108,23
DA:111,23
DA:113,23
DA:115,0
DA:117,23
DA:118,23
DA:121,9
DA:123,0
DA:125,9
DA:127,9
DA:128,9
DA:130,2
DA:133,14
DA:135,14
DA:136,14
DA:138,23
DA:139,23
LF:67
LH:63
BRDA:33,0,0,0
BRDA:33,0,1,11
BRDA:52,1,0,5
BRDA:52,1,1,5
BRDA:105,2,0,23
BRDA:105,2,1,4
BRF:6
BRH:5
end_of_record
TN:
SF:/Users/nc/work/fuse-box/fuse-box/src/resolver/pathsLookup.ts
FN:17,pathRegex
FN:29,getPathsData
FN:35,(anonymous_2)
FN:41,(anonymous_3)
FN:58,getIndexFiles
FN:65,(anonymous_5)
FN:80,pathsLookup
FNF:7
FNH:7
FNDA:8,pathRegex
FNDA:9,getPathsData
FNDA:8,(anonymous_2)
FNDA:10,(anonymous_3)
FNDA:14,getIndexFiles
FNDA:12,(anonymous_5)
FNDA:14,pathsLookup
DA:1,3
DA:2,3
DA:14,3
DA:15,3
DA:18,8
DA:19,8
DA:31,0
DA:33,9
DA:35,8
DA:36,8
DA:37,8
DA:39,8
DA:40,8
DA:41,10
DA:46,0
DA:49,9
DA:62,12
DA:64,2
DA:65,2
DA:67,10
DA:68,10
DA:74,2
DA:77,14
DA:80,3
DA:84,14
DA:87,56
DA:89,56
DA:91,5
DA:93,5
DA:102,9
DA:104,8
DA:105,8
DA:108,10
DA:109,10
DA:111,8
LF:35
LH:33
BRDA:30,0,0,9
BRDA:30,0,1,0
BRDA:92,1,0,5
BRDA:92,1,1,5
BRDA:110,2,0,10
BRDA:110,2,1,10
BRF:6
BRH:5
end_of_record
TN:
SF:/Users/nc/work/fuse-box/fuse-box/src/resolver/polyfills.ts
FN:48,isServerPolyfill
FN:52,isElectronPolyfill
FNF:2
FNH:2
FNDA:3,isServerPolyfill
FNDA:3,isElectronPolyfill
DA:1,2
DA:25,2
DA:48,2
DA:49,3
DA:52,2
DA:53,3
LF:6
LH:6
BRF:0
BRH:0
end_of_record
TN:
SF:/Users/nc/work/fuse-box/fuse-box/src/resolver/resolver.ts
FN:56,isExternalModule
FN:64,replaceAliases
FN:83,resolveModule
FNF:3
FNH:3
FNDA:51,isExternalModule
FNDA:5,replaceAliases
FNDA:51,resolveModule
DA:1,2
DA:2,2
DA:3,2
DA:4,2
DA:5,2
DA:58,1
DA:70,5
DA:71,5
DA:73,5
DA:74,5
DA:76,4
DA:77,4
DA:80,1
DA:83,2
DA:84,51
DA:86,1
DA:88,50
DA:89,50
DA:90,50
DA:91,50
DA:93,50
DA:100,5
DA:101,5
DA:102,5
DA:108,2
DA:111,1
DA:112,1
DA:115,1
DA:116,1
DA:125,3
DA:133,3
DA:139,47
DA:143,1
DA:146,1
DA:148,23
DA:149,23
DA:150,23
DA:155,22
DA:160,0
DA:163,4
DA:166,25
DA:167,25
DA:168,25
DA:169,25
DA:173,2
DA:175,6
DA:178,25
LF:47
LH:46
BRDA:106,0,0,13
BRDA:106,0,1,3
BRDA:106,0,2,2
BRDA:142,1,0,25
BRDA:142,1,1,3
BRDA:145,2,0,24
BRDA:145,2,1,3
BRDA:149,3,0,23
BRDA:149,3,1,3
BRDA:151,4,0,2
BRDA:151,4,1,21
BRDA:168,5,0,7
BRDA:168,5,1,18
BRF:13
BRH:13
end_of_record
TN:
SF:/Users/nc/work/fuse-box/fuse-box/src/resolver/shared.ts
FN:1,getFolderEntryPointFromPackageJSON
FNF:1
FNH:1
FNDA:30,getFolderEntryPointFromPackageJSON
DA:1,5
DA:3,2
DA:6,0
DA:9,0
DA:12,0
DA:14,28
LF:6
LH:3
BRDA:2,0,0,30
BRDA:2,0,1,13
BRDA:2,0,2,2
BRF:3
BRH:3
end_of_record
TN:
SF:/Users/nc/work/fuse-box/fuse-box/src/transform/acornUtils.ts
FN:1,getVariableDeclarations
FN:9,getSpecifiers
FN:17,isExportDefaultDeclaration
FN:21,isExportNamedDeclaration
FN:25,isFunctionDeclaration
FN:28,isClassDeclaration
FN:31,createRequireStatement
FN:72,createLocalVariable
FN:89,createMemberExpression
FN:103,createModuleExports
FN:134,createModuleExportsAssign
FNF:11
FNH:7
FNDA:0,getVariableDeclarations
FNDA:0,getSpecifiers
FNDA:169,isExportDefaultDeclaration
FNDA:169,isExportNamedDeclaration
FNDA:0,isFunctionDeclaration
FNDA:0,isClassDeclaration
FNDA:15,createRequireStatement
FNDA:11,createLocalVariable
FNDA:14,createMemberExpression
FNDA:22,createModuleExports
FNDA:1,createModuleExportsAssign
DA:1,1
DA:4,0
DA:9,1
DA:12,0
DA:17,1
DA:18,169
DA:21,1
DA:22,169
DA:25,1
DA:26,0
DA:28,1
DA:29,0
DA:31,1
DA:47,1
DA:52,14
DA:72,1
DA:73,11
DA:89,1
DA:90,14
DA:103,1
DA:104,22
DA:134,1
DA:135,1
LF:23
LH:19
BRDA:2,0,0,0
BRDA:2,0,1,0
BRDA:10,1,0,0
BRDA:10,1,1,0
BRF:4
BRH:0
end_of_record
TN:
SF:/Users/nc/work/fuse-box/fuse-box/src/transform/fastTransform.ts
FN:14,acornParse
FN:38,handleExportSpecifiers
FN:44,(anonymous_2)
FN:52,(anonymous_3)
FN:61,exportNamedDeclaration
FN:67,(anonymous_5)
FN:96,onImportDeclaration
FN:111,(anonymous_7)
FN:135,fastTransform
FN:143,(anonymous_9)
FN:149,(anonymous_10)
FN:152,(anonymous_11)
FN:160,(anonymous_12)
FN:184,(anonymous_13)
FN:192,(anonymous_14)
FN:203,(anonymous_15)
FN:217,(anonymous_16)
FNF:17
FNH:17
FNDA:29,acornParse
FNDA:8,handleExportSpecifiers
FNDA:6,(anonymous_2)
FNDA:5,(anonymous_3)
FNDA:13,exportNamedDeclaration
FNDA:4,(anonymous_5)
FNDA:10,onImportDeclaration
FNDA:11,(anonymous_7)
FNDA:29,fastTransform
FNDA:15,(anonymous_9)
FNDA:8,(anonymous_10)
FNDA:15,(anonymous_11)
FNDA:169,(anonymous_12)
FNDA:15,(anonymous_13)
FNDA:11,(anonymous_14)
FNDA:15,(anonymous_15)
FNDA:8,(anonymous_16)
DA:1,1
DA:2,1
DA:3,1
DA:4,1
DA:14,1
DA:15,29
DA:16,29
DA:40,5
DA:42,5
DA:44,5
DA:45,6
DA:52,3
DA:53,5
DA:57,8
DA:63,5
DA:66,3
DA:67,3
DA:69,4
DA:72,3
DA:73,3
DA:74,3
DA:75,3
DA:81,2
DA:84,2
DA:88,2
DA:92,8
DA:97,10
DA:98,10
DA:99,10
DA:108,9
DA:110,10
DA:111,10
DA:114,5
DA:119,3
DA:124,3
DA:135,1
DA:136,29
DA:138,29
DA:139,29
DA:145,12
DA:147,3
DA:150,8
DA:153,15
DA:154,15
DA:159,29
DA:162,1
DA:163,1
DA:164,1
DA:165,1
DA:170,5
DA:176,5
DA:180,10
DA:184,29
DA:186,10
DA:187,10
DA:189,10
DA:191,10
DA:192,10
DA:193,11
DA:195,10
DA:199,5
DA:203,29
DA:204,15
DA:217,29
DA:218,8
DA:220,8
DA:224,29
DA:225,29
LF:68
LH:68
BRDA:15,0,0,29
BRDA:15,0,1,29
BRDA:56,1,0,8
BRDA:56,1,1,8
BRDA:68,2,0,4
BRDA:68,2,1,4
BRDA:79,3,0,2
BRDA:79,3,1,1
BRDA:82,4,0,2
BRDA:82,4,1,2
BRDA:91,5,0,8
BRDA:91,5,1,8
BRDA:168,6,0,5
BRDA:168,6,1,5
BRDA:212,7,0,6
BRF:15
BRH:15
end_of_record
TN:
SF:/Users/nc/work/fuse-box/fuse-box/src/utils/ast.ts
FN:1,walkAST
FN:10,(anonymous_1)
FNF:2
FNH:2
FNDA:29,walkAST
FNDA:947,(anonymous_1)
DA:1,1
DA:5,29
DA:8,29
DA:10,29
DA:12,768
DA:15,10
DA:18,169
DA:19,169
DA:20,169
DA:21,169
DA:24,0
DA:30,328
DA:32,913
DA:34,57
DA:35,62
DA:37,0
DA:41,856
DA:46,29
LF:18
LH:16
BRDA:5,0,0,29
BRDA:5,0,1,0
BRDA:11,1,0,947
BRDA:11,1,1,875
BRDA:23,2,0,169
BRDA:23,2,1,0
BRDA:29,3,0,0
BRDA:29,3,1,1241
BRDA:36,4,0,62
BRDA:36,4,1,0
BRF:10
BRH:6
end_of_record
TN:
SF:/Users/nc/work/fuse-box/fuse-box/src/utils/test_utils.ts
FN:16,(anonymous_0)
FN:28,(anonymous_1)
FN:33,createFiles
FN:42,removeFolder
FN:46,createRealNodeModule
FNF:5
FNH:4
FNDA:70,(anonymous_0)
FNDA:0,(anonymous_1)
FNDA:2,createFiles
FNDA:2,removeFolder
FNDA:2,createRealNodeModule
DA:1,5
DA:2,5
DA:3,5
DA:4,5
DA:15,5
DA:17,70
DA:18,70
DA:19,70
DA:24,70
DA:25,70
DA:26,70
DA:28,0
DA:35,14
DA:36,14
DA:37,14
DA:38,14
DA:42,5
DA:43,2
DA:46,5
DA:47,2
DA:49,2
DA:51,2
DA:52,2
DA:54,2
DA:55,2
DA:57,2
DA:58,2
LF:27
LH:26
BRF:0
BRH:0
end_of_record
TN:
SF:/Users/nc/work/fuse-box/fuse-box/src/utils/utils.ts
FN:7,path2Regex
FN:18,ensurePublicExtension
FN:29,replaceExt
FN:44,extractFuseBoxPath
FN:54,fileExists
FN:58,readFile
FN:61,getExtension
FN:65,ensureDir
FN:69,makeFuseBoxPath
FN:73,ensureUserPath
FN:84,ensureAbsolutePath
FN:91,ensureFuseBoxPath
FN:95,joinFuseBoxPath
FNF:13
FNH:11
FNDA:5,path2Regex
FNDA:72,ensurePublicExtension
FNDA:22,replaceExt
FNDA:72,extractFuseBoxPath
FNDA:42,fileExists
FNDA:34,readFile
FNDA:15,getExtension
FNDA:7,ensureDir
FNDA:72,makeFuseBoxPath
FNDA:0,ensureUserPath
FNDA:39,ensureAbsolutePath
FNDA:284,ensureFuseBoxPath
FNDA:0,joinFuseBoxPath
DA:1,5
DA:2,5
DA:3,5
DA:5,5
DA:7,5
DA:9,1
DA:11,4
DA:13,4
DA:14,4
DA:15,4
DA:18,5
DA:19,72
DA:21,18
DA:24,4
DA:26,72
DA:29,5
DA:31,0
DA:35,0
DA:38,22
DA:40,0
DA:44,5
DA:45,72
DA:46,72
DA:47,72
DA:49,72
DA:51,72
DA:54,5
DA:55,42
DA:58,5
DA:59,34
DA:61,5
DA:62,15
DA:65,5
DA:66,7
DA:67,7
DA:69,5
DA:70,72
DA:73,5
DA:75,0
DA:77,0
DA:78,0
DA:80,0
DA:81,0
DA:84,5
DA:86,15
DA:88,24
DA:91,5
DA:92,284
DA:95,5
DA:96,0
DA:97,0
DA:100,0
LF:52
LH:41
BRDA:70,0,0,72
BRDA:70,0,1,72
BRDA:98,1,0,0
BRDA:98,1,1,0
BRF:4
BRH:2
end_of_record
